19313:C 11 Apr 2022 20:42:08.063 # oO0OoO0OoO0Oo Redis is starting oO0OoO0OoO0Oo
19313:C 11 Apr 2022 20:42:08.063 # Redis version=6.2.6, bits=64, commit=00000000, modified=0, pid=19313, just started
19313:C 11 Apr 2022 20:42:08.063 # Configuration loaded
19313:M 11 Apr 2022 20:42:08.064 * Increased maximum number of open files to 10032 (it was originally set to 1024).
19313:M 11 Apr 2022 20:42:08.064 * monotonic clock: POSIX clock_gettime
19313:M 11 Apr 2022 20:42:08.064 * No cluster configuration found, I'm 1d92aff0fc015ad2f41197e3c53a88144fbd54b7
19313:M 11 Apr 2022 20:42:08.067 * Running mode=cluster, port=7002.
19313:M 11 Apr 2022 20:42:08.067 # Server initialized
19313:M 11 Apr 2022 20:42:08.067 # WARNING overcommit_memory is set to 0! Background save may fail under low memory condition. To fix this issue add 'vm.overcommit_memory = 1' to /etc/sysctl.conf and then reboot or run the command 'sysctl vm.overcommit_memory=1' for this to take effect.
19313:M 11 Apr 2022 20:42:08.068 * Ready to accept connections
19458:C 11 Apr 2022 20:51:13.007 # oO0OoO0OoO0Oo Redis is starting oO0OoO0OoO0Oo
19458:C 11 Apr 2022 20:51:13.007 # Redis version=6.2.6, bits=64, commit=00000000, modified=0, pid=19458, just started
19458:C 11 Apr 2022 20:51:13.007 # Configuration loaded
19458:M 11 Apr 2022 20:51:13.007 * Increased maximum number of open files to 10032 (it was originally set to 1024).
19458:M 11 Apr 2022 20:51:13.007 * monotonic clock: POSIX clock_gettime
19458:M 11 Apr 2022 20:51:13.007 * Node configuration loaded, I'm 1d92aff0fc015ad2f41197e3c53a88144fbd54b7
19458:M 11 Apr 2022 20:51:13.008 * Running mode=cluster, port=7002.
19458:M 11 Apr 2022 20:51:13.008 # Server initialized
19458:M 11 Apr 2022 20:51:13.008 # WARNING overcommit_memory is set to 0! Background save may fail under low memory condition. To fix this issue add 'vm.overcommit_memory = 1' to /etc/sysctl.conf and then reboot or run the command 'sysctl vm.overcommit_memory=1' for this to take effect.
19458:M 11 Apr 2022 20:51:13.008 * Ready to accept connections
