2022-03-22 00:13:48.728 DEBUG 12396 --- [main] org.apache.ibatis.logging.LogFactory     : Logging initialized using 'class org.apache.ibatis.logging.slf4j.Slf4jImpl' adapter.
2022-03-22 00:13:49.098 DEBUG 12396 --- [main] org.apache.ibatis.io.VFS                 : Using VFS adapter org.mybatis.spring.boot.autoconfigure.SpringBootVFS
2022-03-22 00:13:49.100 DEBUG 12396 --- [main] org.apache.ibatis.io.ResolverUtil        : Checking to see if class com.Aaccount.entity.AccountDTO matches criteria [is assignable to Object]
2022-03-22 00:13:49.100 DEBUG 12396 --- [main] org.apache.ibatis.io.ResolverUtil        : Checking to see if class com.Aaccount.entity.AccountDTO matches criteria [is assignable to Object]
2022-03-22 00:13:49.100 DEBUG 12396 --- [main] org.apache.ibatis.io.ResolverUtil        : Checking to see if class com.Aaccount.entity.AccountDTO matches criteria [is assignable to Object]
2022-03-22 00:13:49.101 DEBUG 12396 --- [main] org.apache.ibatis.io.ResolverUtil        : Checking to see if class com.Aaccount.entity.AccountDTO matches criteria [is assignable to Object]
2022-03-22 00:13:50.193 ERROR 12396 --- [main] org.dromara.hmily.spi.ExtensionLoader    : not found service provider for : org.dromara.hmily.core.service.HmilyTransactionHandlerFactory
2022-03-22 00:15:28.139 DEBUG 1844 --- [main] org.apache.ibatis.logging.LogFactory     : Logging initialized using 'class org.apache.ibatis.logging.slf4j.Slf4jImpl' adapter.
2022-03-22 00:15:28.488 ERROR 1844 --- [main] o.s.b.d.LoggingFailureAnalysisReporter   : 

***************************
APPLICATION FAILED TO START
***************************

Description:

Parameter 0 of constructor in com.Aaccount.Application required a bean of type 'com.Aaccount.service.AccountService' that could not be found.


Action:

Consider defining a bean of type 'com.Aaccount.service.AccountService' in your configuration.

2022-03-22 00:18:53.560 DEBUG 16136 --- [main] org.apache.ibatis.logging.LogFactory     : Logging initialized using 'class org.apache.ibatis.logging.slf4j.Slf4jImpl' adapter.
2022-03-22 00:18:53.903 ERROR 16136 --- [main] o.s.b.d.LoggingFailureAnalysisReporter   : 

***************************
APPLICATION FAILED TO START
***************************

Description:

Parameter 0 of constructor in com.Aaccount.service.TransactionServiceImpl required a bean of type 'com.Aaccount.service.AccountService' that could not be found.

The injection point has the following annotations:
	- @org.springframework.beans.factory.annotation.Autowired(required=true)


Action:

Consider defining a bean of type 'com.Aaccount.service.AccountService' in your configuration.

2022-03-22 00:21:41.247 DEBUG 9640 --- [main] org.apache.ibatis.logging.LogFactory     : Logging initialized using 'class org.apache.ibatis.logging.slf4j.Slf4jImpl' adapter.
2022-03-22 00:21:41.613 DEBUG 9640 --- [main] org.apache.ibatis.io.VFS                 : Using VFS adapter org.mybatis.spring.boot.autoconfigure.SpringBootVFS
2022-03-22 00:21:41.615 DEBUG 9640 --- [main] org.apache.ibatis.io.ResolverUtil        : Checking to see if class com.Aaccount.entity.AccountDTO matches criteria [is assignable to Object]
2022-03-22 00:21:41.615 DEBUG 9640 --- [main] org.apache.ibatis.io.ResolverUtil        : Checking to see if class com.Aaccount.entity.AccountDTO matches criteria [is assignable to Object]
2022-03-22 00:21:41.615 DEBUG 9640 --- [main] org.apache.ibatis.io.ResolverUtil        : Checking to see if class com.Aaccount.entity.AccountDTO matches criteria [is assignable to Object]
2022-03-22 00:21:41.616 DEBUG 9640 --- [main] org.apache.ibatis.io.ResolverUtil        : Checking to see if class com.Aaccount.entity.AccountDTO matches criteria [is assignable to Object]
2022-03-22 00:21:42.766 ERROR 9640 --- [main] org.dromara.hmily.spi.ExtensionLoader    : not found service provider for : org.dromara.hmily.core.service.HmilyTransactionHandlerFactory
2022-03-22 00:24:38.678 DEBUG 9780 --- [main] org.apache.ibatis.logging.LogFactory     : Logging initialized using 'class org.apache.ibatis.logging.slf4j.Slf4jImpl' adapter.
2022-03-22 00:24:39.052 DEBUG 9780 --- [main] org.apache.ibatis.io.VFS                 : Using VFS adapter org.mybatis.spring.boot.autoconfigure.SpringBootVFS
2022-03-22 00:24:39.053 DEBUG 9780 --- [main] org.apache.ibatis.io.ResolverUtil        : Checking to see if class com.Aaccount.entity.AccountDTO matches criteria [is assignable to Object]
2022-03-22 00:25:09.194 DEBUG 15572 --- [main] org.apache.ibatis.logging.LogFactory     : Logging initialized using 'class org.apache.ibatis.logging.slf4j.Slf4jImpl' adapter.
2022-03-22 00:25:09.613 DEBUG 15572 --- [main] org.apache.ibatis.io.VFS                 : Using VFS adapter org.mybatis.spring.boot.autoconfigure.SpringBootVFS
2022-03-22 00:25:09.615 DEBUG 15572 --- [main] org.apache.ibatis.io.ResolverUtil        : Checking to see if class com.Aaccount.entity.AccountDTO matches criteria [is assignable to Object]
2022-03-22 00:25:10.053 ERROR 9780 --- [hmily-hmily-tcc-self-recovery-1] .s.HmilyTransactionSelfRecoveryScheduled : hmily scheduled transaction log is error:

com.esotericsoftware.kryo.KryoException: Unable to find class: com.Aaccount.myservice.MyTestBService
Serialization trace:
targetClass (org.dromara.hmily.repository.spi.entity.HmilyInvocation)
	at com.esotericsoftware.kryo.util.DefaultClassResolver.readName(DefaultClassResolver.java:160) ~[kryo-shaded-4.0.0.jar:na]
	at com.esotericsoftware.kryo.util.DefaultClassResolver.readClass(DefaultClassResolver.java:133) ~[kryo-shaded-4.0.0.jar:na]
	at com.esotericsoftware.kryo.Kryo.readClass(Kryo.java:693) ~[kryo-shaded-4.0.0.jar:na]
	at com.esotericsoftware.kryo.serializers.DefaultSerializers$ClassSerializer.read(DefaultSerializers.java:329) ~[kryo-shaded-4.0.0.jar:na]
	at com.esotericsoftware.kryo.serializers.DefaultSerializers$ClassSerializer.read(DefaultSerializers.java:317) ~[kryo-shaded-4.0.0.jar:na]
	at com.esotericsoftware.kryo.Kryo.readObjectOrNull(Kryo.java:782) ~[kryo-shaded-4.0.0.jar:na]
	at com.esotericsoftware.kryo.serializers.ObjectField.read(ObjectField.java:132) ~[kryo-shaded-4.0.0.jar:na]
	at com.esotericsoftware.kryo.serializers.FieldSerializer.read(FieldSerializer.java:540) ~[kryo-shaded-4.0.0.jar:na]
	at com.esotericsoftware.kryo.Kryo.readObject(Kryo.java:709) ~[kryo-shaded-4.0.0.jar:na]
	at org.dromara.hmily.serializer.kryo.KryoSerializer.deSerialize(KryoSerializer.java:63) ~[hmily-serializer-kryo-2.1.1.jar:na]
	at org.dromara.hmily.repository.database.manager.AbstractHmilyDatabase.buildHmilyParticipantByResultMap(AbstractHmilyDatabase.java:543) ~[hmily-repository-database-manager-2.1.1.jar:na]
	at java.util.stream.ReferencePipeline$3$1.accept(ReferencePipeline.java:193) ~[na:1.8.0_231]
	at java.util.stream.ReferencePipeline$2$1.accept(ReferencePipeline.java:175) ~[na:1.8.0_231]
	at java.util.ArrayList$ArrayListSpliterator.forEachRemaining(ArrayList.java:1382) ~[na:1.8.0_231]
	at java.util.stream.AbstractPipeline.copyInto(AbstractPipeline.java:482) ~[na:1.8.0_231]
	at java.util.stream.AbstractPipeline.wrapAndCopyInto(AbstractPipeline.java:472) ~[na:1.8.0_231]
	at java.util.stream.ReduceOps$ReduceOp.evaluateSequential(ReduceOps.java:708) ~[na:1.8.0_231]
	at java.util.stream.AbstractPipeline.evaluate(AbstractPipeline.java:234) ~[na:1.8.0_231]
	at java.util.stream.ReferencePipeline.collect(ReferencePipeline.java:499) ~[na:1.8.0_231]
	at org.dromara.hmily.repository.database.manager.AbstractHmilyDatabase.listHmilyParticipant(AbstractHmilyDatabase.java:332) ~[hmily-repository-database-manager-2.1.1.jar:na]
	at org.dromara.hmily.core.schedule.HmilyTransactionSelfRecoveryScheduled.lambda$selfTccRecovery$2(HmilyTransactionSelfRecoveryScheduled.java:101) ~[hmily-core-2.1.1.jar:na]
	at java.util.concurrent.Executors$RunnableAdapter.call(Executors.java:511) ~[na:1.8.0_231]
	at java.util.concurrent.FutureTask.runAndReset$$$capture(FutureTask.java:308) ~[na:1.8.0_231]
	at java.util.concurrent.FutureTask.runAndReset(FutureTask.java) ~[na:1.8.0_231]
	at java.util.concurrent.ScheduledThreadPoolExecutor$ScheduledFutureTask.access$301(ScheduledThreadPoolExecutor.java:180) ~[na:1.8.0_231]
	at java.util.concurrent.ScheduledThreadPoolExecutor$ScheduledFutureTask.run(ScheduledThreadPoolExecutor.java:294) ~[na:1.8.0_231]
	at java.util.concurrent.ThreadPoolExecutor.runWorker(ThreadPoolExecutor.java:1149) ~[na:1.8.0_231]
	at java.util.concurrent.ThreadPoolExecutor$Worker.run(ThreadPoolExecutor.java:624) ~[na:1.8.0_231]
	at java.lang.Thread.run(Thread.java:748) ~[na:1.8.0_231]
Caused by: java.lang.ClassNotFoundException: com.Aaccount.myservice.MyTestBService
	at java.net.URLClassLoader.findClass(URLClassLoader.java:382) ~[na:1.8.0_231]
	at java.lang.ClassLoader.loadClass(ClassLoader.java:418) ~[na:1.8.0_231]
	at sun.misc.Launcher$AppClassLoader.loadClass(Launcher.java:355) ~[na:1.8.0_231]
	at java.lang.ClassLoader.loadClass(ClassLoader.java:351) ~[na:1.8.0_231]
	at java.lang.Class.forName0(Native Method) ~[na:1.8.0_231]
	at java.lang.Class.forName(Class.java:348) ~[na:1.8.0_231]
	at com.esotericsoftware.kryo.util.DefaultClassResolver.readName(DefaultClassResolver.java:154) ~[kryo-shaded-4.0.0.jar:na]
	... 28 common frames omitted

2022-03-22 00:25:25.846 DEBUG 404 --- [main] org.apache.ibatis.logging.LogFactory     : Logging initialized using 'class org.apache.ibatis.logging.slf4j.Slf4jImpl' adapter.
2022-03-22 00:25:26.277 DEBUG 404 --- [main] org.apache.ibatis.io.VFS                 : Using VFS adapter org.mybatis.spring.boot.autoconfigure.SpringBootVFS
2022-03-22 00:25:26.279 DEBUG 404 --- [main] org.apache.ibatis.io.ResolverUtil        : Checking to see if class com.Aaccount.entity.AccountDTO matches criteria [is assignable to Object]
2022-03-22 00:25:26.279 DEBUG 404 --- [main] org.apache.ibatis.io.ResolverUtil        : Checking to see if class com.Aaccount.entity.AccountDTO matches criteria [is assignable to Object]
2022-03-22 00:25:26.279 DEBUG 404 --- [main] org.apache.ibatis.io.ResolverUtil        : Checking to see if class com.Aaccount.entity.AccountDTO matches criteria [is assignable to Object]
2022-03-22 00:25:26.279 DEBUG 404 --- [main] org.apache.ibatis.io.ResolverUtil        : Checking to see if class com.Aaccount.entity.AccountDTO matches criteria [is assignable to Object]
2022-03-22 00:25:27.132 ERROR 404 --- [main] o.d.hmily.core.bootstrap.HmilyBootstrap  :  hmily init exception:

java.net.BindException: Address already in use: bind
	at sun.nio.ch.Net.bind0(Native Method) ~[na:1.8.0_231]
	at sun.nio.ch.Net.bind(Net.java:433) ~[na:1.8.0_231]
	at sun.nio.ch.Net.bind(Net.java:425) ~[na:1.8.0_231]
	at sun.nio.ch.ServerSocketChannelImpl.bind(ServerSocketChannelImpl.java:223) ~[na:1.8.0_231]
	at sun.nio.ch.ServerSocketAdaptor.bind(ServerSocketAdaptor.java:74) ~[na:1.8.0_231]
	at sun.net.httpserver.ServerImpl.bind(ServerImpl.java:133) ~[na:1.8.0_231]
	at sun.net.httpserver.HttpServerImpl.bind(HttpServerImpl.java:54) ~[na:1.8.0_231]
	at io.prometheus.client.exporter.HTTPServer.<init>(HTTPServer.java:145) ~[simpleclient_httpserver-0.6.0.jar:na]
	at org.dromara.hmily.metrics.prometheus.PrometheusMetricsTrackerManager.start(PrometheusMetricsTrackerManager.java:61) ~[hmily-metrics-promethues-2.1.1.jar:na]
	at org.dromara.hmily.metrics.facade.MetricsInitFacade.doInit(MetricsInitFacade.java:73) ~[hmily-metrics-facade-2.1.1.jar:na]
	at org.dromara.hmily.metrics.facade.MetricsInitFacade.init(MetricsInitFacade.java:53) ~[hmily-metrics-facade-2.1.1.jar:na]
	at org.dromara.hmily.core.bootstrap.HmilyBootstrap.initMetrics(HmilyBootstrap.java:96) ~[hmily-core-2.1.1.jar:na]
	at org.dromara.hmily.core.bootstrap.HmilyBootstrap.start(HmilyBootstrap.java:78) ~[hmily-core-2.1.1.jar:na]
	at org.dromara.hmily.spring.HmilyApplicationContextAware.setApplicationContext(HmilyApplicationContextAware.java:42) [hmily-spring-2.1.1.jar:na]
	at org.springframework.context.support.ApplicationContextAwareProcessor.invokeAwareInterfaces(ApplicationContextAwareProcessor.java:120) [spring-context-5.1.3.RELEASE.jar:5.1.3.RELEASE]
	at org.springframework.context.support.ApplicationContextAwareProcessor.postProcessBeforeInitialization(ApplicationContextAwareProcessor.java:96) [spring-context-5.1.3.RELEASE.jar:5.1.3.RELEASE]
	at org.springframework.beans.factory.support.AbstractAutowireCapableBeanFactory.applyBeanPostProcessorsBeforeInitialization(AbstractAutowireCapableBeanFactory.java:419) [spring-beans-5.1.3.RELEASE.jar:5.1.3.RELEASE]
	at org.springframework.beans.factory.support.AbstractAutowireCapableBeanFactory.initializeBean(AbstractAutowireCapableBeanFactory.java:1737) [spring-beans-5.1.3.RELEASE.jar:5.1.3.RELEASE]
	at org.springframework.beans.factory.support.AbstractAutowireCapableBeanFactory.doCreateBean(AbstractAutowireCapableBeanFactory.java:576) [spring-beans-5.1.3.RELEASE.jar:5.1.3.RELEASE]
	at org.springframework.beans.factory.support.AbstractAutowireCapableBeanFactory.createBean(AbstractAutowireCapableBeanFactory.java:498) [spring-beans-5.1.3.RELEASE.jar:5.1.3.RELEASE]
	at org.springframework.beans.factory.support.AbstractBeanFactory.lambda$doGetBean$0(AbstractBeanFactory.java:320) [spring-beans-5.1.3.RELEASE.jar:5.1.3.RELEASE]
	at org.springframework.beans.factory.support.DefaultSingletonBeanRegistry.getSingleton(DefaultSingletonBeanRegistry.java:222) ~[spring-beans-5.1.3.RELEASE.jar:5.1.3.RELEASE]
	at org.springframework.beans.factory.support.AbstractBeanFactory.doGetBean(AbstractBeanFactory.java:318) [spring-beans-5.1.3.RELEASE.jar:5.1.3.RELEASE]
	at org.springframework.beans.factory.support.AbstractBeanFactory.getBean(AbstractBeanFactory.java:199) [spring-beans-5.1.3.RELEASE.jar:5.1.3.RELEASE]
	at org.springframework.beans.factory.support.DefaultListableBeanFactory.preInstantiateSingletons(DefaultListableBeanFactory.java:846) ~[spring-beans-5.1.3.RELEASE.jar:5.1.3.RELEASE]
	at org.springframework.context.support.AbstractApplicationContext.finishBeanFactoryInitialization(AbstractApplicationContext.java:863) ~[spring-context-5.1.3.RELEASE.jar:5.1.3.RELEASE]
	at org.springframework.context.support.AbstractApplicationContext.refresh(AbstractApplicationContext.java:546) ~[spring-context-5.1.3.RELEASE.jar:5.1.3.RELEASE]
	at org.springframework.boot.SpringApplication.refresh(SpringApplication.java:775) ~[spring-boot-2.1.1.RELEASE.jar:2.1.1.RELEASE]
	at org.springframework.boot.SpringApplication.refreshContext(SpringApplication.java:397) ~[spring-boot-2.1.1.RELEASE.jar:2.1.1.RELEASE]
	at org.springframework.boot.SpringApplication.run(SpringApplication.java:316) ~[spring-boot-2.1.1.RELEASE.jar:2.1.1.RELEASE]
	at com.Aaccount.Application.main(Application.java:54) ~[classes/:na]

2022-03-22 00:26:10.070 ERROR 9780 --- [hmily-hmily-tcc-self-recovery-1] .s.HmilyTransactionSelfRecoveryScheduled : hmily scheduled transaction log is error:

com.esotericsoftware.kryo.KryoException: Unable to find class: com.Aaccount.myservice.MyTestBService
Serialization trace:
targetClass (org.dromara.hmily.repository.spi.entity.HmilyInvocation)
	at com.esotericsoftware.kryo.util.DefaultClassResolver.readName(DefaultClassResolver.java:160) ~[kryo-shaded-4.0.0.jar:na]
	at com.esotericsoftware.kryo.util.DefaultClassResolver.readClass(DefaultClassResolver.java:133) ~[kryo-shaded-4.0.0.jar:na]
	at com.esotericsoftware.kryo.Kryo.readClass(Kryo.java:693) ~[kryo-shaded-4.0.0.jar:na]
	at com.esotericsoftware.kryo.serializers.DefaultSerializers$ClassSerializer.read(DefaultSerializers.java:329) ~[kryo-shaded-4.0.0.jar:na]
	at com.esotericsoftware.kryo.serializers.DefaultSerializers$ClassSerializer.read(DefaultSerializers.java:317) ~[kryo-shaded-4.0.0.jar:na]
	at com.esotericsoftware.kryo.Kryo.readObjectOrNull(Kryo.java:782) ~[kryo-shaded-4.0.0.jar:na]
	at com.esotericsoftware.kryo.serializers.ObjectField.read(ObjectField.java:132) ~[kryo-shaded-4.0.0.jar:na]
	at com.esotericsoftware.kryo.serializers.FieldSerializer.read(FieldSerializer.java:540) ~[kryo-shaded-4.0.0.jar:na]
	at com.esotericsoftware.kryo.Kryo.readObject(Kryo.java:709) ~[kryo-shaded-4.0.0.jar:na]
	at org.dromara.hmily.serializer.kryo.KryoSerializer.deSerialize(KryoSerializer.java:63) ~[hmily-serializer-kryo-2.1.1.jar:na]
	at org.dromara.hmily.repository.database.manager.AbstractHmilyDatabase.buildHmilyParticipantByResultMap(AbstractHmilyDatabase.java:543) ~[hmily-repository-database-manager-2.1.1.jar:na]
	at java.util.stream.ReferencePipeline$3$1.accept(ReferencePipeline.java:193) ~[na:1.8.0_231]
	at java.util.stream.ReferencePipeline$2$1.accept(ReferencePipeline.java:175) ~[na:1.8.0_231]
	at java.util.ArrayList$ArrayListSpliterator.forEachRemaining(ArrayList.java:1382) ~[na:1.8.0_231]
	at java.util.stream.AbstractPipeline.copyInto(AbstractPipeline.java:482) ~[na:1.8.0_231]
	at java.util.stream.AbstractPipeline.wrapAndCopyInto(AbstractPipeline.java:472) ~[na:1.8.0_231]
	at java.util.stream.ReduceOps$ReduceOp.evaluateSequential(ReduceOps.java:708) ~[na:1.8.0_231]
	at java.util.stream.AbstractPipeline.evaluate(AbstractPipeline.java:234) ~[na:1.8.0_231]
	at java.util.stream.ReferencePipeline.collect(ReferencePipeline.java:499) ~[na:1.8.0_231]
	at org.dromara.hmily.repository.database.manager.AbstractHmilyDatabase.listHmilyParticipant(AbstractHmilyDatabase.java:332) ~[hmily-repository-database-manager-2.1.1.jar:na]
	at org.dromara.hmily.core.schedule.HmilyTransactionSelfRecoveryScheduled.lambda$selfTccRecovery$2(HmilyTransactionSelfRecoveryScheduled.java:101) ~[hmily-core-2.1.1.jar:na]
	at java.util.concurrent.Executors$RunnableAdapter.call(Executors.java:511) ~[na:1.8.0_231]
	at java.util.concurrent.FutureTask.runAndReset$$$capture(FutureTask.java:308) ~[na:1.8.0_231]
	at java.util.concurrent.FutureTask.runAndReset(FutureTask.java) ~[na:1.8.0_231]
	at java.util.concurrent.ScheduledThreadPoolExecutor$ScheduledFutureTask.access$301(ScheduledThreadPoolExecutor.java:180) ~[na:1.8.0_231]
	at java.util.concurrent.ScheduledThreadPoolExecutor$ScheduledFutureTask.run(ScheduledThreadPoolExecutor.java:294) ~[na:1.8.0_231]
	at java.util.concurrent.ThreadPoolExecutor.runWorker(ThreadPoolExecutor.java:1149) ~[na:1.8.0_231]
	at java.util.concurrent.ThreadPoolExecutor$Worker.run(ThreadPoolExecutor.java:624) ~[na:1.8.0_231]
	at java.lang.Thread.run(Thread.java:748) ~[na:1.8.0_231]
Caused by: java.lang.ClassNotFoundException: com.Aaccount.myservice.MyTestBService
	at java.net.URLClassLoader.findClass(URLClassLoader.java:382) ~[na:1.8.0_231]
	at java.lang.ClassLoader.loadClass(ClassLoader.java:418) ~[na:1.8.0_231]
	at sun.misc.Launcher$AppClassLoader.loadClass(Launcher.java:355) ~[na:1.8.0_231]
	at java.lang.ClassLoader.loadClass(ClassLoader.java:351) ~[na:1.8.0_231]
	at java.lang.Class.forName0(Native Method) ~[na:1.8.0_231]
	at java.lang.Class.forName(Class.java:348) ~[na:1.8.0_231]
	at com.esotericsoftware.kryo.util.DefaultClassResolver.readName(DefaultClassResolver.java:154) ~[kryo-shaded-4.0.0.jar:na]
	... 28 common frames omitted

2022-03-22 00:26:28.779 DEBUG 4296 --- [main] org.apache.ibatis.logging.LogFactory     : Logging initialized using 'class org.apache.ibatis.logging.slf4j.Slf4jImpl' adapter.
2022-03-22 00:26:29.221 DEBUG 4296 --- [main] org.apache.ibatis.io.VFS                 : Using VFS adapter org.mybatis.spring.boot.autoconfigure.SpringBootVFS
2022-03-22 00:26:29.222 DEBUG 4296 --- [main] org.apache.ibatis.io.ResolverUtil        : Checking to see if class com.Aaccount.entity.AccountDTO matches criteria [is assignable to Object]
2022-03-22 00:26:29.223 DEBUG 4296 --- [main] org.apache.ibatis.io.ResolverUtil        : Checking to see if class com.Aaccount.entity.AccountDTO matches criteria [is assignable to Object]
2022-03-22 00:26:29.223 DEBUG 4296 --- [main] org.apache.ibatis.io.ResolverUtil        : Checking to see if class com.Aaccount.entity.AccountDTO matches criteria [is assignable to Object]
2022-03-22 00:26:29.223 DEBUG 4296 --- [main] org.apache.ibatis.io.ResolverUtil        : Checking to see if class com.Aaccount.entity.AccountDTO matches criteria [is assignable to Object]
2022-03-22 00:26:30.057 ERROR 4296 --- [main] o.d.hmily.core.bootstrap.HmilyBootstrap  :  hmily init exception:

java.net.BindException: Address already in use: bind
	at sun.nio.ch.Net.bind0(Native Method) ~[na:1.8.0_231]
	at sun.nio.ch.Net.bind(Net.java:433) ~[na:1.8.0_231]
	at sun.nio.ch.Net.bind(Net.java:425) ~[na:1.8.0_231]
	at sun.nio.ch.ServerSocketChannelImpl.bind(ServerSocketChannelImpl.java:223) ~[na:1.8.0_231]
	at sun.nio.ch.ServerSocketAdaptor.bind(ServerSocketAdaptor.java:74) ~[na:1.8.0_231]
	at sun.net.httpserver.ServerImpl.bind(ServerImpl.java:133) ~[na:1.8.0_231]
	at sun.net.httpserver.HttpServerImpl.bind(HttpServerImpl.java:54) ~[na:1.8.0_231]
	at io.prometheus.client.exporter.HTTPServer.<init>(HTTPServer.java:145) ~[simpleclient_httpserver-0.6.0.jar:na]
	at org.dromara.hmily.metrics.prometheus.PrometheusMetricsTrackerManager.start(PrometheusMetricsTrackerManager.java:61) ~[hmily-metrics-promethues-2.1.1.jar:na]
	at org.dromara.hmily.metrics.facade.MetricsInitFacade.doInit(MetricsInitFacade.java:73) ~[hmily-metrics-facade-2.1.1.jar:na]
	at org.dromara.hmily.metrics.facade.MetricsInitFacade.init(MetricsInitFacade.java:53) ~[hmily-metrics-facade-2.1.1.jar:na]
	at org.dromara.hmily.core.bootstrap.HmilyBootstrap.initMetrics(HmilyBootstrap.java:96) ~[hmily-core-2.1.1.jar:na]
	at org.dromara.hmily.core.bootstrap.HmilyBootstrap.start(HmilyBootstrap.java:78) ~[hmily-core-2.1.1.jar:na]
	at org.dromara.hmily.spring.HmilyApplicationContextAware.setApplicationContext(HmilyApplicationContextAware.java:42) [hmily-spring-2.1.1.jar:na]
	at org.springframework.context.support.ApplicationContextAwareProcessor.invokeAwareInterfaces(ApplicationContextAwareProcessor.java:120) [spring-context-5.1.3.RELEASE.jar:5.1.3.RELEASE]
	at org.springframework.context.support.ApplicationContextAwareProcessor.postProcessBeforeInitialization(ApplicationContextAwareProcessor.java:96) [spring-context-5.1.3.RELEASE.jar:5.1.3.RELEASE]
	at org.springframework.beans.factory.support.AbstractAutowireCapableBeanFactory.applyBeanPostProcessorsBeforeInitialization(AbstractAutowireCapableBeanFactory.java:419) [spring-beans-5.1.3.RELEASE.jar:5.1.3.RELEASE]
	at org.springframework.beans.factory.support.AbstractAutowireCapableBeanFactory.initializeBean(AbstractAutowireCapableBeanFactory.java:1737) [spring-beans-5.1.3.RELEASE.jar:5.1.3.RELEASE]
	at org.springframework.beans.factory.support.AbstractAutowireCapableBeanFactory.doCreateBean(AbstractAutowireCapableBeanFactory.java:576) [spring-beans-5.1.3.RELEASE.jar:5.1.3.RELEASE]
	at org.springframework.beans.factory.support.AbstractAutowireCapableBeanFactory.createBean(AbstractAutowireCapableBeanFactory.java:498) [spring-beans-5.1.3.RELEASE.jar:5.1.3.RELEASE]
	at org.springframework.beans.factory.support.AbstractBeanFactory.lambda$doGetBean$0(AbstractBeanFactory.java:320) [spring-beans-5.1.3.RELEASE.jar:5.1.3.RELEASE]
	at org.springframework.beans.factory.support.DefaultSingletonBeanRegistry.getSingleton(DefaultSingletonBeanRegistry.java:222) ~[spring-beans-5.1.3.RELEASE.jar:5.1.3.RELEASE]
	at org.springframework.beans.factory.support.AbstractBeanFactory.doGetBean(AbstractBeanFactory.java:318) [spring-beans-5.1.3.RELEASE.jar:5.1.3.RELEASE]
	at org.springframework.beans.factory.support.AbstractBeanFactory.getBean(AbstractBeanFactory.java:199) [spring-beans-5.1.3.RELEASE.jar:5.1.3.RELEASE]
	at org.springframework.beans.factory.support.DefaultListableBeanFactory.preInstantiateSingletons(DefaultListableBeanFactory.java:846) ~[spring-beans-5.1.3.RELEASE.jar:5.1.3.RELEASE]
	at org.springframework.context.support.AbstractApplicationContext.finishBeanFactoryInitialization(AbstractApplicationContext.java:863) ~[spring-context-5.1.3.RELEASE.jar:5.1.3.RELEASE]
	at org.springframework.context.support.AbstractApplicationContext.refresh(AbstractApplicationContext.java:546) ~[spring-context-5.1.3.RELEASE.jar:5.1.3.RELEASE]
	at org.springframework.boot.SpringApplication.refresh(SpringApplication.java:775) ~[spring-boot-2.1.1.RELEASE.jar:2.1.1.RELEASE]
	at org.springframework.boot.SpringApplication.refreshContext(SpringApplication.java:397) ~[spring-boot-2.1.1.RELEASE.jar:2.1.1.RELEASE]
	at org.springframework.boot.SpringApplication.run(SpringApplication.java:316) ~[spring-boot-2.1.1.RELEASE.jar:2.1.1.RELEASE]
	at com.Aaccount.Application.main(Application.java:54) ~[classes/:na]

2022-03-22 00:27:10.078 ERROR 9780 --- [hmily-hmily-tcc-self-recovery-1] .s.HmilyTransactionSelfRecoveryScheduled : hmily scheduled transaction log is error:

com.esotericsoftware.kryo.KryoException: Unable to find class: com.Aaccount.myservice.MyTestBService
Serialization trace:
targetClass (org.dromara.hmily.repository.spi.entity.HmilyInvocation)
	at com.esotericsoftware.kryo.util.DefaultClassResolver.readName(DefaultClassResolver.java:160) ~[kryo-shaded-4.0.0.jar:na]
	at com.esotericsoftware.kryo.util.DefaultClassResolver.readClass(DefaultClassResolver.java:133) ~[kryo-shaded-4.0.0.jar:na]
	at com.esotericsoftware.kryo.Kryo.readClass(Kryo.java:693) ~[kryo-shaded-4.0.0.jar:na]
	at com.esotericsoftware.kryo.serializers.DefaultSerializers$ClassSerializer.read(DefaultSerializers.java:329) ~[kryo-shaded-4.0.0.jar:na]
	at com.esotericsoftware.kryo.serializers.DefaultSerializers$ClassSerializer.read(DefaultSerializers.java:317) ~[kryo-shaded-4.0.0.jar:na]
	at com.esotericsoftware.kryo.Kryo.readObjectOrNull(Kryo.java:782) ~[kryo-shaded-4.0.0.jar:na]
	at com.esotericsoftware.kryo.serializers.ObjectField.read(ObjectField.java:132) ~[kryo-shaded-4.0.0.jar:na]
	at com.esotericsoftware.kryo.serializers.FieldSerializer.read(FieldSerializer.java:540) ~[kryo-shaded-4.0.0.jar:na]
	at com.esotericsoftware.kryo.Kryo.readObject(Kryo.java:709) ~[kryo-shaded-4.0.0.jar:na]
	at org.dromara.hmily.serializer.kryo.KryoSerializer.deSerialize(KryoSerializer.java:63) ~[hmily-serializer-kryo-2.1.1.jar:na]
	at org.dromara.hmily.repository.database.manager.AbstractHmilyDatabase.buildHmilyParticipantByResultMap(AbstractHmilyDatabase.java:543) ~[hmily-repository-database-manager-2.1.1.jar:na]
	at java.util.stream.ReferencePipeline$3$1.accept(ReferencePipeline.java:193) ~[na:1.8.0_231]
	at java.util.stream.ReferencePipeline$2$1.accept(ReferencePipeline.java:175) ~[na:1.8.0_231]
	at java.util.ArrayList$ArrayListSpliterator.forEachRemaining(ArrayList.java:1382) ~[na:1.8.0_231]
	at java.util.stream.AbstractPipeline.copyInto(AbstractPipeline.java:482) ~[na:1.8.0_231]
	at java.util.stream.AbstractPipeline.wrapAndCopyInto(AbstractPipeline.java:472) ~[na:1.8.0_231]
	at java.util.stream.ReduceOps$ReduceOp.evaluateSequential(ReduceOps.java:708) ~[na:1.8.0_231]
	at java.util.stream.AbstractPipeline.evaluate(AbstractPipeline.java:234) ~[na:1.8.0_231]
	at java.util.stream.ReferencePipeline.collect(ReferencePipeline.java:499) ~[na:1.8.0_231]
	at org.dromara.hmily.repository.database.manager.AbstractHmilyDatabase.listHmilyParticipant(AbstractHmilyDatabase.java:332) ~[hmily-repository-database-manager-2.1.1.jar:na]
	at org.dromara.hmily.core.schedule.HmilyTransactionSelfRecoveryScheduled.lambda$selfTccRecovery$2(HmilyTransactionSelfRecoveryScheduled.java:101) ~[hmily-core-2.1.1.jar:na]
	at java.util.concurrent.Executors$RunnableAdapter.call(Executors.java:511) ~[na:1.8.0_231]
	at java.util.concurrent.FutureTask.runAndReset$$$capture(FutureTask.java:308) ~[na:1.8.0_231]
	at java.util.concurrent.FutureTask.runAndReset(FutureTask.java) ~[na:1.8.0_231]
	at java.util.concurrent.ScheduledThreadPoolExecutor$ScheduledFutureTask.access$301(ScheduledThreadPoolExecutor.java:180) ~[na:1.8.0_231]
	at java.util.concurrent.ScheduledThreadPoolExecutor$ScheduledFutureTask.run(ScheduledThreadPoolExecutor.java:294) ~[na:1.8.0_231]
	at java.util.concurrent.ThreadPoolExecutor.runWorker(ThreadPoolExecutor.java:1149) ~[na:1.8.0_231]
	at java.util.concurrent.ThreadPoolExecutor$Worker.run(ThreadPoolExecutor.java:624) ~[na:1.8.0_231]
	at java.lang.Thread.run(Thread.java:748) ~[na:1.8.0_231]
Caused by: java.lang.ClassNotFoundException: com.Aaccount.myservice.MyTestBService
	at java.net.URLClassLoader.findClass(URLClassLoader.java:382) ~[na:1.8.0_231]
	at java.lang.ClassLoader.loadClass(ClassLoader.java:418) ~[na:1.8.0_231]
	at sun.misc.Launcher$AppClassLoader.loadClass(Launcher.java:355) ~[na:1.8.0_231]
	at java.lang.ClassLoader.loadClass(ClassLoader.java:351) ~[na:1.8.0_231]
	at java.lang.Class.forName0(Native Method) ~[na:1.8.0_231]
	at java.lang.Class.forName(Class.java:348) ~[na:1.8.0_231]
	at com.esotericsoftware.kryo.util.DefaultClassResolver.readName(DefaultClassResolver.java:154) ~[kryo-shaded-4.0.0.jar:na]
	... 28 common frames omitted

2022-03-22 00:27:54.745 DEBUG 3700 --- [main] org.apache.ibatis.logging.LogFactory     : Logging initialized using 'class org.apache.ibatis.logging.slf4j.Slf4jImpl' adapter.
2022-03-22 00:27:55.131 DEBUG 3700 --- [main] org.apache.ibatis.io.VFS                 : Using VFS adapter org.mybatis.spring.boot.autoconfigure.SpringBootVFS
2022-03-22 00:27:55.132 DEBUG 3700 --- [main] org.apache.ibatis.io.ResolverUtil        : Checking to see if class com.Aaccount.entity.AccountDTO matches criteria [is assignable to Object]
2022-03-22 00:28:26.106 ERROR 3700 --- [hmily-hmily-tcc-self-recovery-1] .s.HmilyTransactionSelfRecoveryScheduled : hmily scheduled transaction log is error:

com.esotericsoftware.kryo.KryoException: Unable to find class: com.Aaccount.myservice.MyTestBService
Serialization trace:
targetClass (org.dromara.hmily.repository.spi.entity.HmilyInvocation)
	at com.esotericsoftware.kryo.util.DefaultClassResolver.readName(DefaultClassResolver.java:160) ~[kryo-shaded-4.0.0.jar:na]
	at com.esotericsoftware.kryo.util.DefaultClassResolver.readClass(DefaultClassResolver.java:133) ~[kryo-shaded-4.0.0.jar:na]
	at com.esotericsoftware.kryo.Kryo.readClass(Kryo.java:693) ~[kryo-shaded-4.0.0.jar:na]
	at com.esotericsoftware.kryo.serializers.DefaultSerializers$ClassSerializer.read(DefaultSerializers.java:329) ~[kryo-shaded-4.0.0.jar:na]
	at com.esotericsoftware.kryo.serializers.DefaultSerializers$ClassSerializer.read(DefaultSerializers.java:317) ~[kryo-shaded-4.0.0.jar:na]
	at com.esotericsoftware.kryo.Kryo.readObjectOrNull(Kryo.java:782) ~[kryo-shaded-4.0.0.jar:na]
	at com.esotericsoftware.kryo.serializers.ObjectField.read(ObjectField.java:132) ~[kryo-shaded-4.0.0.jar:na]
	at com.esotericsoftware.kryo.serializers.FieldSerializer.read(FieldSerializer.java:540) ~[kryo-shaded-4.0.0.jar:na]
	at com.esotericsoftware.kryo.Kryo.readObject(Kryo.java:709) ~[kryo-shaded-4.0.0.jar:na]
	at org.dromara.hmily.serializer.kryo.KryoSerializer.deSerialize(KryoSerializer.java:63) ~[hmily-serializer-kryo-2.1.1.jar:na]
	at org.dromara.hmily.repository.database.manager.AbstractHmilyDatabase.buildHmilyParticipantByResultMap(AbstractHmilyDatabase.java:543) ~[hmily-repository-database-manager-2.1.1.jar:na]
	at java.util.stream.ReferencePipeline$3$1.accept(ReferencePipeline.java:193) ~[na:1.8.0_231]
	at java.util.stream.ReferencePipeline$2$1.accept(ReferencePipeline.java:175) ~[na:1.8.0_231]
	at java.util.ArrayList$ArrayListSpliterator.forEachRemaining(ArrayList.java:1382) ~[na:1.8.0_231]
	at java.util.stream.AbstractPipeline.copyInto(AbstractPipeline.java:482) ~[na:1.8.0_231]
	at java.util.stream.AbstractPipeline.wrapAndCopyInto(AbstractPipeline.java:472) ~[na:1.8.0_231]
	at java.util.stream.ReduceOps$ReduceOp.evaluateSequential(ReduceOps.java:708) ~[na:1.8.0_231]
	at java.util.stream.AbstractPipeline.evaluate(AbstractPipeline.java:234) ~[na:1.8.0_231]
	at java.util.stream.ReferencePipeline.collect(ReferencePipeline.java:499) ~[na:1.8.0_231]
	at org.dromara.hmily.repository.database.manager.AbstractHmilyDatabase.listHmilyParticipant(AbstractHmilyDatabase.java:332) ~[hmily-repository-database-manager-2.1.1.jar:na]
	at org.dromara.hmily.core.schedule.HmilyTransactionSelfRecoveryScheduled.lambda$selfTccRecovery$2(HmilyTransactionSelfRecoveryScheduled.java:101) ~[hmily-core-2.1.1.jar:na]
	at java.util.concurrent.Executors$RunnableAdapter.call(Executors.java:511) ~[na:1.8.0_231]
	at java.util.concurrent.FutureTask.runAndReset$$$capture(FutureTask.java:308) ~[na:1.8.0_231]
	at java.util.concurrent.FutureTask.runAndReset(FutureTask.java) ~[na:1.8.0_231]
	at java.util.concurrent.ScheduledThreadPoolExecutor$ScheduledFutureTask.access$301(ScheduledThreadPoolExecutor.java:180) ~[na:1.8.0_231]
	at java.util.concurrent.ScheduledThreadPoolExecutor$ScheduledFutureTask.run(ScheduledThreadPoolExecutor.java:294) ~[na:1.8.0_231]
	at java.util.concurrent.ThreadPoolExecutor.runWorker(ThreadPoolExecutor.java:1149) ~[na:1.8.0_231]
	at java.util.concurrent.ThreadPoolExecutor$Worker.run(ThreadPoolExecutor.java:624) ~[na:1.8.0_231]
	at java.lang.Thread.run(Thread.java:748) ~[na:1.8.0_231]
Caused by: java.lang.ClassNotFoundException: com.Aaccount.myservice.MyTestBService
	at java.net.URLClassLoader.findClass(URLClassLoader.java:382) ~[na:1.8.0_231]
	at java.lang.ClassLoader.loadClass(ClassLoader.java:418) ~[na:1.8.0_231]
	at sun.misc.Launcher$AppClassLoader.loadClass(Launcher.java:355) ~[na:1.8.0_231]
	at java.lang.ClassLoader.loadClass(ClassLoader.java:351) ~[na:1.8.0_231]
	at java.lang.Class.forName0(Native Method) ~[na:1.8.0_231]
	at java.lang.Class.forName(Class.java:348) ~[na:1.8.0_231]
	at com.esotericsoftware.kryo.util.DefaultClassResolver.readName(DefaultClassResolver.java:154) ~[kryo-shaded-4.0.0.jar:na]
	... 28 common frames omitted

2022-03-22 00:29:10.152 DEBUG 14132 --- [main] org.apache.ibatis.logging.LogFactory     : Logging initialized using 'class org.apache.ibatis.logging.slf4j.Slf4jImpl' adapter.
2022-03-22 00:29:10.515 DEBUG 14132 --- [main] org.apache.ibatis.io.VFS                 : Using VFS adapter org.mybatis.spring.boot.autoconfigure.SpringBootVFS
2022-03-22 00:29:10.516 DEBUG 14132 --- [main] org.apache.ibatis.io.ResolverUtil        : Checking to see if class com.Aaccount.entity.AccountDTO matches criteria [is assignable to Object]
2022-03-22 00:29:26.125 ERROR 3700 --- [hmily-hmily-tcc-self-recovery-1] .s.HmilyTransactionSelfRecoveryScheduled : hmily scheduled transaction log is error:

com.esotericsoftware.kryo.KryoException: Unable to find class: com.Aaccount.myservice.MyTestBService
Serialization trace:
targetClass (org.dromara.hmily.repository.spi.entity.HmilyInvocation)
	at com.esotericsoftware.kryo.util.DefaultClassResolver.readName(DefaultClassResolver.java:160) ~[kryo-shaded-4.0.0.jar:na]
	at com.esotericsoftware.kryo.util.DefaultClassResolver.readClass(DefaultClassResolver.java:133) ~[kryo-shaded-4.0.0.jar:na]
	at com.esotericsoftware.kryo.Kryo.readClass(Kryo.java:693) ~[kryo-shaded-4.0.0.jar:na]
	at com.esotericsoftware.kryo.serializers.DefaultSerializers$ClassSerializer.read(DefaultSerializers.java:329) ~[kryo-shaded-4.0.0.jar:na]
	at com.esotericsoftware.kryo.serializers.DefaultSerializers$ClassSerializer.read(DefaultSerializers.java:317) ~[kryo-shaded-4.0.0.jar:na]
	at com.esotericsoftware.kryo.Kryo.readObjectOrNull(Kryo.java:782) ~[kryo-shaded-4.0.0.jar:na]
	at com.esotericsoftware.kryo.serializers.ObjectField.read(ObjectField.java:132) ~[kryo-shaded-4.0.0.jar:na]
	at com.esotericsoftware.kryo.serializers.FieldSerializer.read(FieldSerializer.java:540) ~[kryo-shaded-4.0.0.jar:na]
	at com.esotericsoftware.kryo.Kryo.readObject(Kryo.java:709) ~[kryo-shaded-4.0.0.jar:na]
	at org.dromara.hmily.serializer.kryo.KryoSerializer.deSerialize(KryoSerializer.java:63) ~[hmily-serializer-kryo-2.1.1.jar:na]
	at org.dromara.hmily.repository.database.manager.AbstractHmilyDatabase.buildHmilyParticipantByResultMap(AbstractHmilyDatabase.java:543) ~[hmily-repository-database-manager-2.1.1.jar:na]
	at java.util.stream.ReferencePipeline$3$1.accept(ReferencePipeline.java:193) ~[na:1.8.0_231]
	at java.util.stream.ReferencePipeline$2$1.accept(ReferencePipeline.java:175) ~[na:1.8.0_231]
	at java.util.ArrayList$ArrayListSpliterator.forEachRemaining(ArrayList.java:1382) ~[na:1.8.0_231]
	at java.util.stream.AbstractPipeline.copyInto(AbstractPipeline.java:482) ~[na:1.8.0_231]
	at java.util.stream.AbstractPipeline.wrapAndCopyInto(AbstractPipeline.java:472) ~[na:1.8.0_231]
	at java.util.stream.ReduceOps$ReduceOp.evaluateSequential(ReduceOps.java:708) ~[na:1.8.0_231]
	at java.util.stream.AbstractPipeline.evaluate(AbstractPipeline.java:234) ~[na:1.8.0_231]
	at java.util.stream.ReferencePipeline.collect(ReferencePipeline.java:499) ~[na:1.8.0_231]
	at org.dromara.hmily.repository.database.manager.AbstractHmilyDatabase.listHmilyParticipant(AbstractHmilyDatabase.java:332) ~[hmily-repository-database-manager-2.1.1.jar:na]
	at org.dromara.hmily.core.schedule.HmilyTransactionSelfRecoveryScheduled.lambda$selfTccRecovery$2(HmilyTransactionSelfRecoveryScheduled.java:101) ~[hmily-core-2.1.1.jar:na]
	at java.util.concurrent.Executors$RunnableAdapter.call(Executors.java:511) ~[na:1.8.0_231]
	at java.util.concurrent.FutureTask.runAndReset$$$capture(FutureTask.java:308) ~[na:1.8.0_231]
	at java.util.concurrent.FutureTask.runAndReset(FutureTask.java) ~[na:1.8.0_231]
	at java.util.concurrent.ScheduledThreadPoolExecutor$ScheduledFutureTask.access$301(ScheduledThreadPoolExecutor.java:180) ~[na:1.8.0_231]
	at java.util.concurrent.ScheduledThreadPoolExecutor$ScheduledFutureTask.run(ScheduledThreadPoolExecutor.java:294) ~[na:1.8.0_231]
	at java.util.concurrent.ThreadPoolExecutor.runWorker(ThreadPoolExecutor.java:1149) ~[na:1.8.0_231]
	at java.util.concurrent.ThreadPoolExecutor$Worker.run(ThreadPoolExecutor.java:624) ~[na:1.8.0_231]
	at java.lang.Thread.run(Thread.java:748) ~[na:1.8.0_231]
Caused by: java.lang.ClassNotFoundException: com.Aaccount.myservice.MyTestBService
	at java.net.URLClassLoader.findClass(URLClassLoader.java:382) ~[na:1.8.0_231]
	at java.lang.ClassLoader.loadClass(ClassLoader.java:418) ~[na:1.8.0_231]
	at sun.misc.Launcher$AppClassLoader.loadClass(Launcher.java:355) ~[na:1.8.0_231]
	at java.lang.ClassLoader.loadClass(ClassLoader.java:351) ~[na:1.8.0_231]
	at java.lang.Class.forName0(Native Method) ~[na:1.8.0_231]
	at java.lang.Class.forName(Class.java:348) ~[na:1.8.0_231]
	at com.esotericsoftware.kryo.util.DefaultClassResolver.readName(DefaultClassResolver.java:154) ~[kryo-shaded-4.0.0.jar:na]
	... 28 common frames omitted

2022-03-22 00:29:29.036 DEBUG 6816 --- [main] org.apache.ibatis.logging.LogFactory     : Logging initialized using 'class org.apache.ibatis.logging.slf4j.Slf4jImpl' adapter.
2022-03-22 00:29:29.404 DEBUG 6816 --- [main] org.apache.ibatis.io.VFS                 : Using VFS adapter org.mybatis.spring.boot.autoconfigure.SpringBootVFS
2022-03-22 00:29:29.405 DEBUG 6816 --- [main] org.apache.ibatis.io.ResolverUtil        : Checking to see if class com.Aaccount.entity.AccountDTO matches criteria [is assignable to Object]
2022-03-22 00:29:36.264 DEBUG 7648 --- [main] org.apache.ibatis.logging.LogFactory     : Logging initialized using 'class org.apache.ibatis.logging.slf4j.Slf4jImpl' adapter.
2022-03-22 00:29:36.720 DEBUG 7648 --- [main] org.apache.ibatis.io.VFS                 : Using VFS adapter org.mybatis.spring.boot.autoconfigure.SpringBootVFS
2022-03-22 00:29:36.722 DEBUG 7648 --- [main] org.apache.ibatis.io.ResolverUtil        : Checking to see if class com.Aaccount.entity.AccountDTO matches criteria [is assignable to Object]
2022-03-22 00:29:36.723 DEBUG 7648 --- [main] org.apache.ibatis.io.ResolverUtil        : Checking to see if class com.Aaccount.entity.AccountDTO matches criteria [is assignable to Object]
2022-03-22 00:29:36.723 DEBUG 7648 --- [main] org.apache.ibatis.io.ResolverUtil        : Checking to see if class com.Aaccount.entity.AccountDTO matches criteria [is assignable to Object]
2022-03-22 00:29:36.723 DEBUG 7648 --- [main] org.apache.ibatis.io.ResolverUtil        : Checking to see if class com.Aaccount.entity.AccountDTO matches criteria [is assignable to Object]
2022-03-22 00:29:37.580 ERROR 7648 --- [main] o.d.hmily.core.bootstrap.HmilyBootstrap  :  hmily init exception:

java.net.BindException: Address already in use: bind
	at sun.nio.ch.Net.bind0(Native Method) ~[na:1.8.0_231]
	at sun.nio.ch.Net.bind(Net.java:433) ~[na:1.8.0_231]
	at sun.nio.ch.Net.bind(Net.java:425) ~[na:1.8.0_231]
	at sun.nio.ch.ServerSocketChannelImpl.bind(ServerSocketChannelImpl.java:223) ~[na:1.8.0_231]
	at sun.nio.ch.ServerSocketAdaptor.bind(ServerSocketAdaptor.java:74) ~[na:1.8.0_231]
	at sun.net.httpserver.ServerImpl.bind(ServerImpl.java:133) ~[na:1.8.0_231]
	at sun.net.httpserver.HttpServerImpl.bind(HttpServerImpl.java:54) ~[na:1.8.0_231]
	at io.prometheus.client.exporter.HTTPServer.<init>(HTTPServer.java:145) ~[simpleclient_httpserver-0.6.0.jar:na]
	at org.dromara.hmily.metrics.prometheus.PrometheusMetricsTrackerManager.start(PrometheusMetricsTrackerManager.java:61) ~[hmily-metrics-promethues-2.1.1.jar:na]
	at org.dromara.hmily.metrics.facade.MetricsInitFacade.doInit(MetricsInitFacade.java:73) ~[hmily-metrics-facade-2.1.1.jar:na]
	at org.dromara.hmily.metrics.facade.MetricsInitFacade.init(MetricsInitFacade.java:53) ~[hmily-metrics-facade-2.1.1.jar:na]
	at org.dromara.hmily.core.bootstrap.HmilyBootstrap.initMetrics(HmilyBootstrap.java:96) ~[hmily-core-2.1.1.jar:na]
	at org.dromara.hmily.core.bootstrap.HmilyBootstrap.start(HmilyBootstrap.java:78) ~[hmily-core-2.1.1.jar:na]
	at org.dromara.hmily.spring.HmilyApplicationContextAware.setApplicationContext(HmilyApplicationContextAware.java:42) [hmily-spring-2.1.1.jar:na]
	at org.springframework.context.support.ApplicationContextAwareProcessor.invokeAwareInterfaces(ApplicationContextAwareProcessor.java:120) [spring-context-5.1.3.RELEASE.jar:5.1.3.RELEASE]
	at org.springframework.context.support.ApplicationContextAwareProcessor.postProcessBeforeInitialization(ApplicationContextAwareProcessor.java:96) [spring-context-5.1.3.RELEASE.jar:5.1.3.RELEASE]
	at org.springframework.beans.factory.support.AbstractAutowireCapableBeanFactory.applyBeanPostProcessorsBeforeInitialization(AbstractAutowireCapableBeanFactory.java:419) [spring-beans-5.1.3.RELEASE.jar:5.1.3.RELEASE]
	at org.springframework.beans.factory.support.AbstractAutowireCapableBeanFactory.initializeBean(AbstractAutowireCapableBeanFactory.java:1737) [spring-beans-5.1.3.RELEASE.jar:5.1.3.RELEASE]
	at org.springframework.beans.factory.support.AbstractAutowireCapableBeanFactory.doCreateBean(AbstractAutowireCapableBeanFactory.java:576) [spring-beans-5.1.3.RELEASE.jar:5.1.3.RELEASE]
	at org.springframework.beans.factory.support.AbstractAutowireCapableBeanFactory.createBean(AbstractAutowireCapableBeanFactory.java:498) [spring-beans-5.1.3.RELEASE.jar:5.1.3.RELEASE]
	at org.springframework.beans.factory.support.AbstractBeanFactory.lambda$doGetBean$0(AbstractBeanFactory.java:320) [spring-beans-5.1.3.RELEASE.jar:5.1.3.RELEASE]
	at org.springframework.beans.factory.support.DefaultSingletonBeanRegistry.getSingleton(DefaultSingletonBeanRegistry.java:222) ~[spring-beans-5.1.3.RELEASE.jar:5.1.3.RELEASE]
	at org.springframework.beans.factory.support.AbstractBeanFactory.doGetBean(AbstractBeanFactory.java:318) [spring-beans-5.1.3.RELEASE.jar:5.1.3.RELEASE]
	at org.springframework.beans.factory.support.AbstractBeanFactory.getBean(AbstractBeanFactory.java:199) [spring-beans-5.1.3.RELEASE.jar:5.1.3.RELEASE]
	at org.springframework.beans.factory.support.DefaultListableBeanFactory.preInstantiateSingletons(DefaultListableBeanFactory.java:846) ~[spring-beans-5.1.3.RELEASE.jar:5.1.3.RELEASE]
	at org.springframework.context.support.AbstractApplicationContext.finishBeanFactoryInitialization(AbstractApplicationContext.java:863) ~[spring-context-5.1.3.RELEASE.jar:5.1.3.RELEASE]
	at org.springframework.context.support.AbstractApplicationContext.refresh(AbstractApplicationContext.java:546) ~[spring-context-5.1.3.RELEASE.jar:5.1.3.RELEASE]
	at org.springframework.boot.SpringApplication.refresh(SpringApplication.java:775) ~[spring-boot-2.1.1.RELEASE.jar:2.1.1.RELEASE]
	at org.springframework.boot.SpringApplication.refreshContext(SpringApplication.java:397) ~[spring-boot-2.1.1.RELEASE.jar:2.1.1.RELEASE]
	at org.springframework.boot.SpringApplication.run(SpringApplication.java:316) ~[spring-boot-2.1.1.RELEASE.jar:2.1.1.RELEASE]
	at com.Aaccount.Application.main(Application.java:54) ~[classes/:na]

2022-03-22 00:29:58.255 DEBUG 15284 --- [main] org.apache.ibatis.logging.LogFactory     : Logging initialized using 'class org.apache.ibatis.logging.slf4j.Slf4jImpl' adapter.
2022-03-22 00:30:10.108 DEBUG 12424 --- [main] org.apache.ibatis.logging.LogFactory     : Logging initialized using 'class org.apache.ibatis.logging.slf4j.Slf4jImpl' adapter.
2022-03-22 00:30:10.525 DEBUG 12424 --- [main] org.apache.ibatis.io.VFS                 : Using VFS adapter org.mybatis.spring.boot.autoconfigure.SpringBootVFS
2022-03-22 00:30:10.527 DEBUG 12424 --- [main] org.apache.ibatis.io.ResolverUtil        : Checking to see if class com.Aaccount.entity.AccountDTO matches criteria [is assignable to Object]
2022-03-22 00:30:10.527 DEBUG 12424 --- [main] org.apache.ibatis.io.ResolverUtil        : Checking to see if class com.Aaccount.entity.AccountDTO matches criteria [is assignable to Object]
2022-03-22 00:30:10.528 DEBUG 12424 --- [main] org.apache.ibatis.io.ResolverUtil        : Checking to see if class com.Aaccount.entity.AccountDTO matches criteria [is assignable to Object]
2022-03-22 00:30:10.528 DEBUG 12424 --- [main] org.apache.ibatis.io.ResolverUtil        : Checking to see if class com.Aaccount.entity.AccountDTO matches criteria [is assignable to Object]
2022-03-22 00:30:16.508 DEBUG 12824 --- [main] org.apache.ibatis.logging.LogFactory     : Logging initialized using 'class org.apache.ibatis.logging.slf4j.Slf4jImpl' adapter.
2022-03-22 00:30:16.900 DEBUG 12824 --- [main] org.apache.ibatis.io.VFS                 : Using VFS adapter org.mybatis.spring.boot.autoconfigure.SpringBootVFS
2022-03-22 00:30:16.901 DEBUG 12824 --- [main] org.apache.ibatis.io.ResolverUtil        : Checking to see if class com.Aaccount.entity.AccountDTO matches criteria [is assignable to Object]
2022-03-22 00:30:17.854 ERROR 12824 --- [main] o.d.hmily.core.bootstrap.HmilyBootstrap  :  hmily init exception:

java.net.BindException: Address already in use: bind
	at sun.nio.ch.Net.bind0(Native Method) ~[na:1.8.0_231]
	at sun.nio.ch.Net.bind(Net.java:433) ~[na:1.8.0_231]
	at sun.nio.ch.Net.bind(Net.java:425) ~[na:1.8.0_231]
	at sun.nio.ch.ServerSocketChannelImpl.bind(ServerSocketChannelImpl.java:223) ~[na:1.8.0_231]
	at sun.nio.ch.ServerSocketAdaptor.bind(ServerSocketAdaptor.java:74) ~[na:1.8.0_231]
	at sun.net.httpserver.ServerImpl.bind(ServerImpl.java:133) ~[na:1.8.0_231]
	at sun.net.httpserver.HttpServerImpl.bind(HttpServerImpl.java:54) ~[na:1.8.0_231]
	at io.prometheus.client.exporter.HTTPServer.<init>(HTTPServer.java:145) ~[simpleclient_httpserver-0.6.0.jar:na]
	at org.dromara.hmily.metrics.prometheus.PrometheusMetricsTrackerManager.start(PrometheusMetricsTrackerManager.java:61) ~[hmily-metrics-promethues-2.1.1.jar:na]
	at org.dromara.hmily.metrics.facade.MetricsInitFacade.doInit(MetricsInitFacade.java:73) ~[hmily-metrics-facade-2.1.1.jar:na]
	at org.dromara.hmily.metrics.facade.MetricsInitFacade.init(MetricsInitFacade.java:53) ~[hmily-metrics-facade-2.1.1.jar:na]
	at org.dromara.hmily.core.bootstrap.HmilyBootstrap.initMetrics(HmilyBootstrap.java:96) ~[hmily-core-2.1.1.jar:na]
	at org.dromara.hmily.core.bootstrap.HmilyBootstrap.start(HmilyBootstrap.java:78) ~[hmily-core-2.1.1.jar:na]
	at org.dromara.hmily.spring.HmilyApplicationContextAware.setApplicationContext(HmilyApplicationContextAware.java:42) [hmily-spring-2.1.1.jar:na]
	at org.springframework.context.support.ApplicationContextAwareProcessor.invokeAwareInterfaces(ApplicationContextAwareProcessor.java:120) [spring-context-5.1.3.RELEASE.jar:5.1.3.RELEASE]
	at org.springframework.context.support.ApplicationContextAwareProcessor.postProcessBeforeInitialization(ApplicationContextAwareProcessor.java:96) [spring-context-5.1.3.RELEASE.jar:5.1.3.RELEASE]
	at org.springframework.beans.factory.support.AbstractAutowireCapableBeanFactory.applyBeanPostProcessorsBeforeInitialization(AbstractAutowireCapableBeanFactory.java:419) [spring-beans-5.1.3.RELEASE.jar:5.1.3.RELEASE]
	at org.springframework.beans.factory.support.AbstractAutowireCapableBeanFactory.initializeBean(AbstractAutowireCapableBeanFactory.java:1737) [spring-beans-5.1.3.RELEASE.jar:5.1.3.RELEASE]
	at org.springframework.beans.factory.support.AbstractAutowireCapableBeanFactory.doCreateBean(AbstractAutowireCapableBeanFactory.java:576) [spring-beans-5.1.3.RELEASE.jar:5.1.3.RELEASE]
	at org.springframework.beans.factory.support.AbstractAutowireCapableBeanFactory.createBean(AbstractAutowireCapableBeanFactory.java:498) [spring-beans-5.1.3.RELEASE.jar:5.1.3.RELEASE]
	at org.springframework.beans.factory.support.AbstractBeanFactory.lambda$doGetBean$0(AbstractBeanFactory.java:320) [spring-beans-5.1.3.RELEASE.jar:5.1.3.RELEASE]
	at org.springframework.beans.factory.support.DefaultSingletonBeanRegistry.getSingleton(DefaultSingletonBeanRegistry.java:222) ~[spring-beans-5.1.3.RELEASE.jar:5.1.3.RELEASE]
	at org.springframework.beans.factory.support.AbstractBeanFactory.doGetBean(AbstractBeanFactory.java:318) [spring-beans-5.1.3.RELEASE.jar:5.1.3.RELEASE]
	at org.springframework.beans.factory.support.AbstractBeanFactory.getBean(AbstractBeanFactory.java:199) [spring-beans-5.1.3.RELEASE.jar:5.1.3.RELEASE]
	at org.springframework.beans.factory.support.DefaultListableBeanFactory.preInstantiateSingletons(DefaultListableBeanFactory.java:846) ~[spring-beans-5.1.3.RELEASE.jar:5.1.3.RELEASE]
	at org.springframework.context.support.AbstractApplicationContext.finishBeanFactoryInitialization(AbstractApplicationContext.java:863) ~[spring-context-5.1.3.RELEASE.jar:5.1.3.RELEASE]
	at org.springframework.context.support.AbstractApplicationContext.refresh(AbstractApplicationContext.java:546) ~[spring-context-5.1.3.RELEASE.jar:5.1.3.RELEASE]
	at org.springframework.boot.SpringApplication.refresh(SpringApplication.java:775) ~[spring-boot-2.1.1.RELEASE.jar:2.1.1.RELEASE]
	at org.springframework.boot.SpringApplication.refreshContext(SpringApplication.java:397) ~[spring-boot-2.1.1.RELEASE.jar:2.1.1.RELEASE]
	at org.springframework.boot.SpringApplication.run(SpringApplication.java:316) ~[spring-boot-2.1.1.RELEASE.jar:2.1.1.RELEASE]
	at com.Aaccount.AccountApplication.main(AccountApplication.java:43) ~[classes/:na]

2022-03-22 00:30:56.133 DEBUG 5156 --- [main] org.apache.ibatis.logging.LogFactory     : Logging initialized using 'class org.apache.ibatis.logging.slf4j.Slf4jImpl' adapter.
2022-03-22 00:30:56.515 DEBUG 5156 --- [main] org.apache.ibatis.io.VFS                 : Using VFS adapter org.mybatis.spring.boot.autoconfigure.SpringBootVFS
2022-03-22 00:30:56.516 DEBUG 5156 --- [main] org.apache.ibatis.io.ResolverUtil        : Checking to see if class com.Aaccount.entity.AccountDTO matches criteria [is assignable to Object]
2022-03-22 00:30:57.470 ERROR 5156 --- [main] o.d.hmily.core.bootstrap.HmilyBootstrap  :  hmily init exception:

java.net.BindException: Address already in use: bind
	at sun.nio.ch.Net.bind0(Native Method) ~[na:1.8.0_231]
	at sun.nio.ch.Net.bind(Net.java:433) ~[na:1.8.0_231]
	at sun.nio.ch.Net.bind(Net.java:425) ~[na:1.8.0_231]
	at sun.nio.ch.ServerSocketChannelImpl.bind(ServerSocketChannelImpl.java:223) ~[na:1.8.0_231]
	at sun.nio.ch.ServerSocketAdaptor.bind(ServerSocketAdaptor.java:74) ~[na:1.8.0_231]
	at sun.net.httpserver.ServerImpl.bind(ServerImpl.java:133) ~[na:1.8.0_231]
	at sun.net.httpserver.HttpServerImpl.bind(HttpServerImpl.java:54) ~[na:1.8.0_231]
	at io.prometheus.client.exporter.HTTPServer.<init>(HTTPServer.java:145) ~[simpleclient_httpserver-0.6.0.jar:na]
	at org.dromara.hmily.metrics.prometheus.PrometheusMetricsTrackerManager.start(PrometheusMetricsTrackerManager.java:61) ~[hmily-metrics-promethues-2.1.1.jar:na]
	at org.dromara.hmily.metrics.facade.MetricsInitFacade.doInit(MetricsInitFacade.java:73) ~[hmily-metrics-facade-2.1.1.jar:na]
	at org.dromara.hmily.metrics.facade.MetricsInitFacade.init(MetricsInitFacade.java:53) ~[hmily-metrics-facade-2.1.1.jar:na]
	at org.dromara.hmily.core.bootstrap.HmilyBootstrap.initMetrics(HmilyBootstrap.java:96) ~[hmily-core-2.1.1.jar:na]
	at org.dromara.hmily.core.bootstrap.HmilyBootstrap.start(HmilyBootstrap.java:78) ~[hmily-core-2.1.1.jar:na]
	at org.dromara.hmily.spring.HmilyApplicationContextAware.setApplicationContext(HmilyApplicationContextAware.java:42) [hmily-spring-2.1.1.jar:na]
	at org.springframework.context.support.ApplicationContextAwareProcessor.invokeAwareInterfaces(ApplicationContextAwareProcessor.java:120) [spring-context-5.1.3.RELEASE.jar:5.1.3.RELEASE]
	at org.springframework.context.support.ApplicationContextAwareProcessor.postProcessBeforeInitialization(ApplicationContextAwareProcessor.java:96) [spring-context-5.1.3.RELEASE.jar:5.1.3.RELEASE]
	at org.springframework.beans.factory.support.AbstractAutowireCapableBeanFactory.applyBeanPostProcessorsBeforeInitialization(AbstractAutowireCapableBeanFactory.java:419) [spring-beans-5.1.3.RELEASE.jar:5.1.3.RELEASE]
	at org.springframework.beans.factory.support.AbstractAutowireCapableBeanFactory.initializeBean(AbstractAutowireCapableBeanFactory.java:1737) [spring-beans-5.1.3.RELEASE.jar:5.1.3.RELEASE]
	at org.springframework.beans.factory.support.AbstractAutowireCapableBeanFactory.doCreateBean(AbstractAutowireCapableBeanFactory.java:576) [spring-beans-5.1.3.RELEASE.jar:5.1.3.RELEASE]
	at org.springframework.beans.factory.support.AbstractAutowireCapableBeanFactory.createBean(AbstractAutowireCapableBeanFactory.java:498) [spring-beans-5.1.3.RELEASE.jar:5.1.3.RELEASE]
	at org.springframework.beans.factory.support.AbstractBeanFactory.lambda$doGetBean$0(AbstractBeanFactory.java:320) [spring-beans-5.1.3.RELEASE.jar:5.1.3.RELEASE]
	at org.springframework.beans.factory.support.DefaultSingletonBeanRegistry.getSingleton(DefaultSingletonBeanRegistry.java:222) ~[spring-beans-5.1.3.RELEASE.jar:5.1.3.RELEASE]
	at org.springframework.beans.factory.support.AbstractBeanFactory.doGetBean(AbstractBeanFactory.java:318) [spring-beans-5.1.3.RELEASE.jar:5.1.3.RELEASE]
	at org.springframework.beans.factory.support.AbstractBeanFactory.getBean(AbstractBeanFactory.java:199) [spring-beans-5.1.3.RELEASE.jar:5.1.3.RELEASE]
	at org.springframework.beans.factory.support.DefaultListableBeanFactory.preInstantiateSingletons(DefaultListableBeanFactory.java:846) ~[spring-beans-5.1.3.RELEASE.jar:5.1.3.RELEASE]
	at org.springframework.context.support.AbstractApplicationContext.finishBeanFactoryInitialization(AbstractApplicationContext.java:863) ~[spring-context-5.1.3.RELEASE.jar:5.1.3.RELEASE]
	at org.springframework.context.support.AbstractApplicationContext.refresh(AbstractApplicationContext.java:546) ~[spring-context-5.1.3.RELEASE.jar:5.1.3.RELEASE]
	at org.springframework.boot.SpringApplication.refresh(SpringApplication.java:775) ~[spring-boot-2.1.1.RELEASE.jar:2.1.1.RELEASE]
	at org.springframework.boot.SpringApplication.refreshContext(SpringApplication.java:397) ~[spring-boot-2.1.1.RELEASE.jar:2.1.1.RELEASE]
	at org.springframework.boot.SpringApplication.run(SpringApplication.java:316) ~[spring-boot-2.1.1.RELEASE.jar:2.1.1.RELEASE]
	at com.Aaccount.AccountApplication.main(AccountApplication.java:43) ~[classes/:na]

2022-03-22 00:31:34.181 DEBUG 6392 --- [main] org.apache.ibatis.logging.LogFactory     : Logging initialized using 'class org.apache.ibatis.logging.slf4j.Slf4jImpl' adapter.
2022-03-22 00:31:34.550 DEBUG 6392 --- [main] org.apache.ibatis.io.VFS                 : Using VFS adapter org.mybatis.spring.boot.autoconfigure.SpringBootVFS
2022-03-22 00:31:34.551 DEBUG 6392 --- [main] org.apache.ibatis.io.ResolverUtil        : Checking to see if class com.Aaccount.entity.AccountDTO matches criteria [is assignable to Object]
2022-03-22 00:31:42.596 ERROR 12424 --- [main] org.dromara.hmily.spi.ExtensionLoader    : not found service provider for : org.dromara.hmily.core.service.HmilyTransactionHandlerFactory
2022-03-22 00:32:05.502 ERROR 6392 --- [hmily-hmily-tcc-self-recovery-1] .s.HmilyTransactionSelfRecoveryScheduled : hmily scheduled transaction log is error:

com.esotericsoftware.kryo.KryoException: Unable to find class: com.Aaccount.myservice.MyTestBService
Serialization trace:
targetClass (org.dromara.hmily.repository.spi.entity.HmilyInvocation)
	at com.esotericsoftware.kryo.util.DefaultClassResolver.readName(DefaultClassResolver.java:160) ~[kryo-shaded-4.0.0.jar:na]
	at com.esotericsoftware.kryo.util.DefaultClassResolver.readClass(DefaultClassResolver.java:133) ~[kryo-shaded-4.0.0.jar:na]
	at com.esotericsoftware.kryo.Kryo.readClass(Kryo.java:693) ~[kryo-shaded-4.0.0.jar:na]
	at com.esotericsoftware.kryo.serializers.DefaultSerializers$ClassSerializer.read(DefaultSerializers.java:329) ~[kryo-shaded-4.0.0.jar:na]
	at com.esotericsoftware.kryo.serializers.DefaultSerializers$ClassSerializer.read(DefaultSerializers.java:317) ~[kryo-shaded-4.0.0.jar:na]
	at com.esotericsoftware.kryo.Kryo.readObjectOrNull(Kryo.java:782) ~[kryo-shaded-4.0.0.jar:na]
	at com.esotericsoftware.kryo.serializers.ObjectField.read(ObjectField.java:132) ~[kryo-shaded-4.0.0.jar:na]
	at com.esotericsoftware.kryo.serializers.FieldSerializer.read(FieldSerializer.java:540) ~[kryo-shaded-4.0.0.jar:na]
	at com.esotericsoftware.kryo.Kryo.readObject(Kryo.java:709) ~[kryo-shaded-4.0.0.jar:na]
	at org.dromara.hmily.serializer.kryo.KryoSerializer.deSerialize(KryoSerializer.java:63) ~[hmily-serializer-kryo-2.1.1.jar:na]
	at org.dromara.hmily.repository.database.manager.AbstractHmilyDatabase.buildHmilyParticipantByResultMap(AbstractHmilyDatabase.java:543) ~[hmily-repository-database-manager-2.1.1.jar:na]
	at java.util.stream.ReferencePipeline$3$1.accept(ReferencePipeline.java:193) ~[na:1.8.0_231]
	at java.util.stream.ReferencePipeline$2$1.accept(ReferencePipeline.java:175) ~[na:1.8.0_231]
	at java.util.ArrayList$ArrayListSpliterator.forEachRemaining(ArrayList.java:1382) ~[na:1.8.0_231]
	at java.util.stream.AbstractPipeline.copyInto(AbstractPipeline.java:482) ~[na:1.8.0_231]
	at java.util.stream.AbstractPipeline.wrapAndCopyInto(AbstractPipeline.java:472) ~[na:1.8.0_231]
	at java.util.stream.ReduceOps$ReduceOp.evaluateSequential(ReduceOps.java:708) ~[na:1.8.0_231]
	at java.util.stream.AbstractPipeline.evaluate(AbstractPipeline.java:234) ~[na:1.8.0_231]
	at java.util.stream.ReferencePipeline.collect(ReferencePipeline.java:499) ~[na:1.8.0_231]
	at org.dromara.hmily.repository.database.manager.AbstractHmilyDatabase.listHmilyParticipant(AbstractHmilyDatabase.java:332) ~[hmily-repository-database-manager-2.1.1.jar:na]
	at org.dromara.hmily.core.schedule.HmilyTransactionSelfRecoveryScheduled.lambda$selfTccRecovery$2(HmilyTransactionSelfRecoveryScheduled.java:101) ~[hmily-core-2.1.1.jar:na]
	at java.util.concurrent.Executors$RunnableAdapter.call(Executors.java:511) ~[na:1.8.0_231]
	at java.util.concurrent.FutureTask.runAndReset$$$capture(FutureTask.java:308) ~[na:1.8.0_231]
	at java.util.concurrent.FutureTask.runAndReset(FutureTask.java) ~[na:1.8.0_231]
	at java.util.concurrent.ScheduledThreadPoolExecutor$ScheduledFutureTask.access$301(ScheduledThreadPoolExecutor.java:180) ~[na:1.8.0_231]
	at java.util.concurrent.ScheduledThreadPoolExecutor$ScheduledFutureTask.run(ScheduledThreadPoolExecutor.java:294) ~[na:1.8.0_231]
	at java.util.concurrent.ThreadPoolExecutor.runWorker(ThreadPoolExecutor.java:1149) ~[na:1.8.0_231]
	at java.util.concurrent.ThreadPoolExecutor$Worker.run(ThreadPoolExecutor.java:624) ~[na:1.8.0_231]
	at java.lang.Thread.run(Thread.java:748) ~[na:1.8.0_231]
Caused by: java.lang.ClassNotFoundException: com.Aaccount.myservice.MyTestBService
	at java.net.URLClassLoader.findClass(URLClassLoader.java:382) ~[na:1.8.0_231]
	at java.lang.ClassLoader.loadClass(ClassLoader.java:418) ~[na:1.8.0_231]
	at sun.misc.Launcher$AppClassLoader.loadClass(Launcher.java:355) ~[na:1.8.0_231]
	at java.lang.ClassLoader.loadClass(ClassLoader.java:351) ~[na:1.8.0_231]
	at java.lang.Class.forName0(Native Method) ~[na:1.8.0_231]
	at java.lang.Class.forName(Class.java:348) ~[na:1.8.0_231]
	at com.esotericsoftware.kryo.util.DefaultClassResolver.readName(DefaultClassResolver.java:154) ~[kryo-shaded-4.0.0.jar:na]
	... 28 common frames omitted

2022-03-22 00:33:05.512 ERROR 6392 --- [hmily-hmily-tcc-self-recovery-1] .s.HmilyTransactionSelfRecoveryScheduled : hmily scheduled transaction log is error:

com.esotericsoftware.kryo.KryoException: Unable to find class: com.Aaccount.myservice.MyTestBService
Serialization trace:
targetClass (org.dromara.hmily.repository.spi.entity.HmilyInvocation)
	at com.esotericsoftware.kryo.util.DefaultClassResolver.readName(DefaultClassResolver.java:160) ~[kryo-shaded-4.0.0.jar:na]
	at com.esotericsoftware.kryo.util.DefaultClassResolver.readClass(DefaultClassResolver.java:133) ~[kryo-shaded-4.0.0.jar:na]
	at com.esotericsoftware.kryo.Kryo.readClass(Kryo.java:693) ~[kryo-shaded-4.0.0.jar:na]
	at com.esotericsoftware.kryo.serializers.DefaultSerializers$ClassSerializer.read(DefaultSerializers.java:329) ~[kryo-shaded-4.0.0.jar:na]
	at com.esotericsoftware.kryo.serializers.DefaultSerializers$ClassSerializer.read(DefaultSerializers.java:317) ~[kryo-shaded-4.0.0.jar:na]
	at com.esotericsoftware.kryo.Kryo.readObjectOrNull(Kryo.java:782) ~[kryo-shaded-4.0.0.jar:na]
	at com.esotericsoftware.kryo.serializers.ObjectField.read(ObjectField.java:132) ~[kryo-shaded-4.0.0.jar:na]
	at com.esotericsoftware.kryo.serializers.FieldSerializer.read(FieldSerializer.java:540) ~[kryo-shaded-4.0.0.jar:na]
	at com.esotericsoftware.kryo.Kryo.readObject(Kryo.java:709) ~[kryo-shaded-4.0.0.jar:na]
	at org.dromara.hmily.serializer.kryo.KryoSerializer.deSerialize(KryoSerializer.java:63) ~[hmily-serializer-kryo-2.1.1.jar:na]
	at org.dromara.hmily.repository.database.manager.AbstractHmilyDatabase.buildHmilyParticipantByResultMap(AbstractHmilyDatabase.java:543) ~[hmily-repository-database-manager-2.1.1.jar:na]
	at java.util.stream.ReferencePipeline$3$1.accept(ReferencePipeline.java:193) ~[na:1.8.0_231]
	at java.util.stream.ReferencePipeline$2$1.accept(ReferencePipeline.java:175) ~[na:1.8.0_231]
	at java.util.ArrayList$ArrayListSpliterator.forEachRemaining(ArrayList.java:1382) ~[na:1.8.0_231]
	at java.util.stream.AbstractPipeline.copyInto(AbstractPipeline.java:482) ~[na:1.8.0_231]
	at java.util.stream.AbstractPipeline.wrapAndCopyInto(AbstractPipeline.java:472) ~[na:1.8.0_231]
	at java.util.stream.ReduceOps$ReduceOp.evaluateSequential(ReduceOps.java:708) ~[na:1.8.0_231]
	at java.util.stream.AbstractPipeline.evaluate(AbstractPipeline.java:234) ~[na:1.8.0_231]
	at java.util.stream.ReferencePipeline.collect(ReferencePipeline.java:499) ~[na:1.8.0_231]
	at org.dromara.hmily.repository.database.manager.AbstractHmilyDatabase.listHmilyParticipant(AbstractHmilyDatabase.java:332) ~[hmily-repository-database-manager-2.1.1.jar:na]
	at org.dromara.hmily.core.schedule.HmilyTransactionSelfRecoveryScheduled.lambda$selfTccRecovery$2(HmilyTransactionSelfRecoveryScheduled.java:101) ~[hmily-core-2.1.1.jar:na]
	at java.util.concurrent.Executors$RunnableAdapter.call(Executors.java:511) ~[na:1.8.0_231]
	at java.util.concurrent.FutureTask.runAndReset$$$capture(FutureTask.java:308) ~[na:1.8.0_231]
	at java.util.concurrent.FutureTask.runAndReset(FutureTask.java) ~[na:1.8.0_231]
	at java.util.concurrent.ScheduledThreadPoolExecutor$ScheduledFutureTask.access$301(ScheduledThreadPoolExecutor.java:180) ~[na:1.8.0_231]
	at java.util.concurrent.ScheduledThreadPoolExecutor$ScheduledFutureTask.run(ScheduledThreadPoolExecutor.java:294) ~[na:1.8.0_231]
	at java.util.concurrent.ThreadPoolExecutor.runWorker(ThreadPoolExecutor.java:1149) ~[na:1.8.0_231]
	at java.util.concurrent.ThreadPoolExecutor$Worker.run(ThreadPoolExecutor.java:624) ~[na:1.8.0_231]
	at java.lang.Thread.run(Thread.java:748) ~[na:1.8.0_231]
Caused by: java.lang.ClassNotFoundException: com.Aaccount.myservice.MyTestBService
	at java.net.URLClassLoader.findClass(URLClassLoader.java:382) ~[na:1.8.0_231]
	at java.lang.ClassLoader.loadClass(ClassLoader.java:418) ~[na:1.8.0_231]
	at sun.misc.Launcher$AppClassLoader.loadClass(Launcher.java:355) ~[na:1.8.0_231]
	at java.lang.ClassLoader.loadClass(ClassLoader.java:351) ~[na:1.8.0_231]
	at java.lang.Class.forName0(Native Method) ~[na:1.8.0_231]
	at java.lang.Class.forName(Class.java:348) ~[na:1.8.0_231]
	at com.esotericsoftware.kryo.util.DefaultClassResolver.readName(DefaultClassResolver.java:154) ~[kryo-shaded-4.0.0.jar:na]
	... 28 common frames omitted

2022-03-22 00:34:48.398 DEBUG 13384 --- [main] org.apache.ibatis.logging.LogFactory     : Logging initialized using 'class org.apache.ibatis.logging.slf4j.Slf4jImpl' adapter.
2022-03-22 00:34:48.823 DEBUG 13384 --- [main] org.apache.ibatis.io.VFS                 : Using VFS adapter org.mybatis.spring.boot.autoconfigure.SpringBootVFS
2022-03-22 00:34:48.825 DEBUG 13384 --- [main] org.apache.ibatis.io.ResolverUtil        : Checking to see if class com.Aaccount.entity.AccountDTO matches criteria [is assignable to Object]
2022-03-22 00:34:48.826 DEBUG 13384 --- [main] org.apache.ibatis.io.ResolverUtil        : Checking to see if class com.Aaccount.entity.AccountDTO matches criteria [is assignable to Object]
2022-03-22 00:34:48.826 DEBUG 13384 --- [main] org.apache.ibatis.io.ResolverUtil        : Checking to see if class com.Aaccount.entity.AccountDTO matches criteria [is assignable to Object]
2022-03-22 00:34:48.826 DEBUG 13384 --- [main] org.apache.ibatis.io.ResolverUtil        : Checking to see if class com.Aaccount.entity.AccountDTO matches criteria [is assignable to Object]
2022-03-22 00:34:54.991 ERROR 13384 --- [main] org.dromara.hmily.spi.ExtensionLoader    : not found service provider for : org.dromara.hmily.core.service.HmilyTransactionHandlerFactory
2022-03-22 00:35:16.537 ERROR 13384 --- [main] o.s.boot.SpringApplication               : Application run failed

java.lang.IllegalStateException: Failed to execute CommandLineRunner
	at org.springframework.boot.SpringApplication.callRunner(SpringApplication.java:816) ~[spring-boot-2.1.1.RELEASE.jar:2.1.1.RELEASE]
	at org.springframework.boot.SpringApplication.callRunners(SpringApplication.java:797) ~[spring-boot-2.1.1.RELEASE.jar:2.1.1.RELEASE]
	at org.springframework.boot.SpringApplication.run(SpringApplication.java:324) ~[spring-boot-2.1.1.RELEASE.jar:2.1.1.RELEASE]
	at com.Aaccount.Application.main(Application.java:54) [classes/:na]
Caused by: org.dromara.hmily.common.exception.HmilyRuntimeException:  
	at com.Aaccount.service.AccountServiceImpl.pay(AccountServiceImpl.java:61) ~[classes/:na]
	at com.Aaccount.service.AccountServiceImpl$$FastClassBySpringCGLIB$$91396c76.invoke(<generated>) ~[classes/:na]
	at org.springframework.cglib.proxy.MethodProxy.invoke(MethodProxy.java:218) ~[spring-core-5.1.3.RELEASE.jar:5.1.3.RELEASE]
	at org.springframework.aop.framework.CglibAopProxy$CglibMethodInvocation.invokeJoinpoint(CglibAopProxy.java:749) ~[spring-aop-5.1.3.RELEASE.jar:5.1.3.RELEASE]
	at org.springframework.aop.framework.ReflectiveMethodInvocation.proceed(ReflectiveMethodInvocation.java:163) ~[spring-aop-5.1.3.RELEASE.jar:5.1.3.RELEASE]
	at org.springframework.aop.interceptor.ExposeInvocationInterceptor.invoke(ExposeInvocationInterceptor.java:93) ~[spring-aop-5.1.3.RELEASE.jar:5.1.3.RELEASE]
	at org.springframework.aop.framework.ReflectiveMethodInvocation.proceed(ReflectiveMethodInvocation.java:186) ~[spring-aop-5.1.3.RELEASE.jar:5.1.3.RELEASE]
	at org.springframework.aop.aspectj.MethodInvocationProceedingJoinPoint.proceed(MethodInvocationProceedingJoinPoint.java:88) ~[spring-aop-5.1.3.RELEASE.jar:5.1.3.RELEASE]
	at org.dromara.hmily.tcc.handler.StarterHmilyTccTransactionHandler.handler(StarterHmilyTccTransactionHandler.java:71) ~[hmily-tcc-2.1.1.jar:na]
	at org.dromara.hmily.core.service.HmilyTransactionAspectInvoker.invoke(HmilyTransactionAspectInvoker.java:70) ~[hmily-core-2.1.1.jar:na]
	at org.dromara.hmily.core.interceptor.HmilyGlobalInterceptor.interceptor(HmilyGlobalInterceptor.java:44) ~[hmily-core-2.1.1.jar:na]
	at org.dromara.hmily.core.aspect.AbstractHmilyTransactionAspect.interceptTccMethod(AbstractHmilyTransactionAspect.java:54) ~[hmily-core-2.1.1.jar:na]
	at sun.reflect.NativeMethodAccessorImpl.invoke0(Native Method) ~[na:1.8.0_231]
	at sun.reflect.NativeMethodAccessorImpl.invoke(NativeMethodAccessorImpl.java:62) ~[na:1.8.0_231]
	at sun.reflect.DelegatingMethodAccessorImpl.invoke(DelegatingMethodAccessorImpl.java:43) ~[na:1.8.0_231]
	at java.lang.reflect.Method.invoke(Method.java:498) ~[na:1.8.0_231]
	at org.springframework.aop.aspectj.AbstractAspectJAdvice.invokeAdviceMethodWithGivenArgs(AbstractAspectJAdvice.java:644) ~[spring-aop-5.1.3.RELEASE.jar:5.1.3.RELEASE]
	at org.springframework.aop.aspectj.AbstractAspectJAdvice.invokeAdviceMethod(AbstractAspectJAdvice.java:633) ~[spring-aop-5.1.3.RELEASE.jar:5.1.3.RELEASE]
	at org.springframework.aop.aspectj.AspectJAroundAdvice.invoke(AspectJAroundAdvice.java:70) ~[spring-aop-5.1.3.RELEASE.jar:5.1.3.RELEASE]
	at org.springframework.aop.framework.ReflectiveMethodInvocation.proceed(ReflectiveMethodInvocation.java:175) ~[spring-aop-5.1.3.RELEASE.jar:5.1.3.RELEASE]
	at org.springframework.aop.framework.CglibAopProxy$DynamicAdvisedInterceptor.intercept(CglibAopProxy.java:688) ~[spring-aop-5.1.3.RELEASE.jar:5.1.3.RELEASE]
	at com.Aaccount.service.AccountServiceImpl$$EnhancerBySpringCGLIB$$80bda65.pay(<generated>) ~[classes/:na]
	at com.Aaccount.Application.run(Application.java:59) [classes/:na]
	at org.springframework.boot.SpringApplication.callRunner(SpringApplication.java:813) ~[spring-boot-2.1.1.RELEASE.jar:2.1.1.RELEASE]
	... 3 common frames omitted

2022-03-22 00:35:16.552 ERROR 13384 --- [hmily-disruptor_consumer_HmilyTransactionExecutorHandler-5] o.d.h.t.e.HmilyTccTransactionExecutor    : HmilyParticipant cancel exception :HmilyParticipant(participantId=-7149958228002189312, participantRefId=null, transId=-7149958229210148864, transType=TCC, status=0, appName=null, role=1, retry=0, targetClass=com.Aaccount.service.AccountServiceImpl, targetMethod=pay, confirmMethod=confirm, cancelMethod=cancel, version=1, createTime=Tue Mar 22 00:34:55 CST 2022, updateTime=Tue Mar 22 00:34:55 CST 2022, confirmHmilyInvocation=HmilyInvocation(targetClass=interface com.Aaccount.service.AccountService, methodName=pay, parameterTypes=[class java.lang.String, class java.lang.Integer, class java.lang.Integer], args=[1, 7, 0]), cancelHmilyInvocation=HmilyInvocation(targetClass=interface com.Aaccount.service.AccountService, methodName=pay, parameterTypes=[class java.lang.String, class java.lang.Integer, class java.lang.Integer], args=[1, 7, 0]))

java.lang.reflect.InvocationTargetException: null
	at sun.reflect.NativeMethodAccessorImpl.invoke0(Native Method) ~[na:1.8.0_231]
	at sun.reflect.NativeMethodAccessorImpl.invoke(NativeMethodAccessorImpl.java:62) ~[na:1.8.0_231]
	at sun.reflect.DelegatingMethodAccessorImpl.invoke(DelegatingMethodAccessorImpl.java:43) ~[na:1.8.0_231]
	at java.lang.reflect.Method.invoke(Method.java:498) ~[na:1.8.0_231]
	at org.apache.commons.lang3.reflect.MethodUtils.invokeMethod(MethodUtils.java:230) ~[commons-lang3-3.8.1.jar:3.8.1]
	at org.apache.commons.lang3.reflect.MethodUtils.invokeMethod(MethodUtils.java:256) ~[commons-lang3-3.8.1.jar:3.8.1]
	at org.dromara.hmily.core.reflect.HmilyReflector.executeLocal(HmilyReflector.java:84) ~[hmily-core-2.1.1.jar:na]
	at org.dromara.hmily.core.reflect.HmilyReflector.executor(HmilyReflector.java:61) ~[hmily-core-2.1.1.jar:na]
	at org.dromara.hmily.tcc.executor.HmilyTccTransactionExecutor.globalCancel(HmilyTccTransactionExecutor.java:206) ~[hmily-tcc-2.1.1.jar:na]
	at org.dromara.hmily.tcc.handler.StarterHmilyTccTransactionHandler.lambda$handler$1(StarterHmilyTccTransactionHandler.java:80) [hmily-tcc-2.1.1.jar:na]
	at org.dromara.hmily.core.disruptor.handler.HmilyTransactionExecutorHandler.executor(HmilyTransactionExecutorHandler.java:28) ~[hmily-core-2.1.1.jar:na]
	at org.dromara.hmily.core.disruptor.handler.HmilyTransactionExecutorHandler.executor(HmilyTransactionExecutorHandler.java:14) ~[hmily-core-2.1.1.jar:na]
	at org.dromara.hmily.core.disruptor.DisruptorConsumer.onEvent(DisruptorConsumer.java:40) ~[hmily-core-2.1.1.jar:na]
	at org.dromara.hmily.core.disruptor.DisruptorConsumer.onEvent(DisruptorConsumer.java:29) ~[hmily-core-2.1.1.jar:na]
	at com.lmax.disruptor.WorkProcessor.run(WorkProcessor.java:143) ~[disruptor-3.4.0.jar:na]
	at java.lang.Thread.run(Thread.java:748) ~[na:1.8.0_231]
Caused by: org.springframework.transaction.TransactionSystemException: Could not commit JDBC transaction; nested exception is com.mysql.jdbc.exceptions.jdbc4.MySQLNonTransientConnectionException: Communications link failure during commit(). Transaction resolution unknown.
	at org.springframework.jdbc.datasource.DataSourceTransactionManager.doCommit(DataSourceTransactionManager.java:332) ~[spring-jdbc-5.1.3.RELEASE.jar:5.1.3.RELEASE]
	at org.springframework.transaction.support.AbstractPlatformTransactionManager.processCommit(AbstractPlatformTransactionManager.java:746) ~[spring-tx-5.1.3.RELEASE.jar:5.1.3.RELEASE]
	at org.springframework.transaction.support.AbstractPlatformTransactionManager.commit(AbstractPlatformTransactionManager.java:714) ~[spring-tx-5.1.3.RELEASE.jar:5.1.3.RELEASE]
	at org.springframework.transaction.interceptor.TransactionAspectSupport.commitTransactionAfterReturning(TransactionAspectSupport.java:533) ~[spring-tx-5.1.3.RELEASE.jar:5.1.3.RELEASE]
	at org.springframework.transaction.interceptor.TransactionAspectSupport.invokeWithinTransaction(TransactionAspectSupport.java:304) ~[spring-tx-5.1.3.RELEASE.jar:5.1.3.RELEASE]
	at org.springframework.transaction.interceptor.TransactionInterceptor.invoke(TransactionInterceptor.java:98) ~[spring-tx-5.1.3.RELEASE.jar:5.1.3.RELEASE]
	at org.springframework.aop.framework.ReflectiveMethodInvocation.proceed(ReflectiveMethodInvocation.java:186) ~[spring-aop-5.1.3.RELEASE.jar:5.1.3.RELEASE]
	at org.springframework.aop.interceptor.ExposeInvocationInterceptor.invoke(ExposeInvocationInterceptor.java:93) ~[spring-aop-5.1.3.RELEASE.jar:5.1.3.RELEASE]
	at org.springframework.aop.framework.ReflectiveMethodInvocation.proceed(ReflectiveMethodInvocation.java:186) ~[spring-aop-5.1.3.RELEASE.jar:5.1.3.RELEASE]
	at org.springframework.aop.framework.CglibAopProxy$DynamicAdvisedInterceptor.intercept(CglibAopProxy.java:688) ~[spring-aop-5.1.3.RELEASE.jar:5.1.3.RELEASE]
	at com.Aaccount.service.AccountServiceImpl$$EnhancerBySpringCGLIB$$80bda65.cancel(<generated>) ~[classes/:na]
	... 16 common frames omitted
Caused by: com.mysql.jdbc.exceptions.jdbc4.MySQLNonTransientConnectionException: Communications link failure during commit(). Transaction resolution unknown.
	at sun.reflect.NativeConstructorAccessorImpl.newInstance0(Native Method) ~[na:1.8.0_231]
	at sun.reflect.NativeConstructorAccessorImpl.newInstance(NativeConstructorAccessorImpl.java:62) ~[na:1.8.0_231]
	at sun.reflect.DelegatingConstructorAccessorImpl.newInstance(DelegatingConstructorAccessorImpl.java:45) ~[na:1.8.0_231]
	at java.lang.reflect.Constructor.newInstance(Constructor.java:423) ~[na:1.8.0_231]
	at com.mysql.jdbc.Util.handleNewInstance(Util.java:425) ~[mysql-connector-java-5.1.47.jar:5.1.47]
	at com.mysql.jdbc.Util.getInstance(Util.java:408) ~[mysql-connector-java-5.1.47.jar:5.1.47]
	at com.mysql.jdbc.SQLError.createSQLException(SQLError.java:919) ~[mysql-connector-java-5.1.47.jar:5.1.47]
	at com.mysql.jdbc.SQLError.createSQLException(SQLError.java:898) ~[mysql-connector-java-5.1.47.jar:5.1.47]
	at com.mysql.jdbc.SQLError.createSQLException(SQLError.java:887) ~[mysql-connector-java-5.1.47.jar:5.1.47]
	at com.mysql.jdbc.SQLError.createSQLException(SQLError.java:861) ~[mysql-connector-java-5.1.47.jar:5.1.47]
	at com.mysql.jdbc.ConnectionImpl.commit(ConnectionImpl.java:1559) ~[mysql-connector-java-5.1.47.jar:5.1.47]
	at com.zaxxer.hikari.pool.ProxyConnection.commit(ProxyConnection.java:361) ~[HikariCP-3.2.0.jar:na]
	at com.zaxxer.hikari.pool.HikariProxyConnection.commit(HikariProxyConnection.java) ~[HikariCP-3.2.0.jar:na]
	at org.springframework.jdbc.datasource.DataSourceTransactionManager.doCommit(DataSourceTransactionManager.java:329) ~[spring-jdbc-5.1.3.RELEASE.jar:5.1.3.RELEASE]
	... 26 common frames omitted

2022-03-22 00:35:37.175 DEBUG 11284 --- [main] org.apache.ibatis.logging.LogFactory     : Logging initialized using 'class org.apache.ibatis.logging.slf4j.Slf4jImpl' adapter.
2022-03-22 00:35:37.618 DEBUG 11284 --- [main] org.apache.ibatis.io.VFS                 : Using VFS adapter org.mybatis.spring.boot.autoconfigure.SpringBootVFS
2022-03-22 00:35:37.619 DEBUG 11284 --- [main] org.apache.ibatis.io.ResolverUtil        : Checking to see if class com.Aaccount.entity.AccountDTO matches criteria [is assignable to Object]
2022-03-22 00:35:37.620 DEBUG 11284 --- [main] org.apache.ibatis.io.ResolverUtil        : Checking to see if class com.Aaccount.entity.AccountDTO matches criteria [is assignable to Object]
2022-03-22 00:35:37.620 DEBUG 11284 --- [main] org.apache.ibatis.io.ResolverUtil        : Checking to see if class com.Aaccount.entity.AccountDTO matches criteria [is assignable to Object]
2022-03-22 00:35:37.620 DEBUG 11284 --- [main] org.apache.ibatis.io.ResolverUtil        : Checking to see if class com.Aaccount.entity.AccountDTO matches criteria [is assignable to Object]
2022-03-22 00:35:43.214 ERROR 11284 --- [main] org.dromara.hmily.spi.ExtensionLoader    : not found service provider for : org.dromara.hmily.core.service.HmilyTransactionHandlerFactory
2022-03-22 00:35:44.382 ERROR 11284 --- [main] o.s.boot.SpringApplication               : Application run failed

java.lang.IllegalStateException: Failed to execute CommandLineRunner
	at org.springframework.boot.SpringApplication.callRunner(SpringApplication.java:816) ~[spring-boot-2.1.1.RELEASE.jar:2.1.1.RELEASE]
	at org.springframework.boot.SpringApplication.callRunners(SpringApplication.java:797) ~[spring-boot-2.1.1.RELEASE.jar:2.1.1.RELEASE]
	at org.springframework.boot.SpringApplication.run(SpringApplication.java:324) ~[spring-boot-2.1.1.RELEASE.jar:2.1.1.RELEASE]
	at com.Aaccount.Application.main(Application.java:54) [classes/:na]
Caused by: org.dromara.hmily.common.exception.HmilyRuntimeException:  
	at com.Aaccount.service.AccountServiceImpl.pay(AccountServiceImpl.java:61) ~[classes/:na]
	at com.Aaccount.service.AccountServiceImpl$$FastClassBySpringCGLIB$$91396c76.invoke(<generated>) ~[classes/:na]
	at org.springframework.cglib.proxy.MethodProxy.invoke(MethodProxy.java:218) ~[spring-core-5.1.3.RELEASE.jar:5.1.3.RELEASE]
	at org.springframework.aop.framework.CglibAopProxy$CglibMethodInvocation.invokeJoinpoint(CglibAopProxy.java:749) ~[spring-aop-5.1.3.RELEASE.jar:5.1.3.RELEASE]
	at org.springframework.aop.framework.ReflectiveMethodInvocation.proceed(ReflectiveMethodInvocation.java:163) ~[spring-aop-5.1.3.RELEASE.jar:5.1.3.RELEASE]
	at org.springframework.aop.interceptor.ExposeInvocationInterceptor.invoke(ExposeInvocationInterceptor.java:93) ~[spring-aop-5.1.3.RELEASE.jar:5.1.3.RELEASE]
	at org.springframework.aop.framework.ReflectiveMethodInvocation.proceed(ReflectiveMethodInvocation.java:186) ~[spring-aop-5.1.3.RELEASE.jar:5.1.3.RELEASE]
	at org.springframework.aop.aspectj.MethodInvocationProceedingJoinPoint.proceed(MethodInvocationProceedingJoinPoint.java:88) ~[spring-aop-5.1.3.RELEASE.jar:5.1.3.RELEASE]
	at org.dromara.hmily.tcc.handler.StarterHmilyTccTransactionHandler.handler(StarterHmilyTccTransactionHandler.java:71) ~[hmily-tcc-2.1.1.jar:na]
	at org.dromara.hmily.core.service.HmilyTransactionAspectInvoker.invoke(HmilyTransactionAspectInvoker.java:70) ~[hmily-core-2.1.1.jar:na]
	at org.dromara.hmily.core.interceptor.HmilyGlobalInterceptor.interceptor(HmilyGlobalInterceptor.java:44) ~[hmily-core-2.1.1.jar:na]
	at org.dromara.hmily.core.aspect.AbstractHmilyTransactionAspect.interceptTccMethod(AbstractHmilyTransactionAspect.java:54) ~[hmily-core-2.1.1.jar:na]
	at sun.reflect.NativeMethodAccessorImpl.invoke0(Native Method) ~[na:1.8.0_231]
	at sun.reflect.NativeMethodAccessorImpl.invoke(NativeMethodAccessorImpl.java:62) ~[na:1.8.0_231]
	at sun.reflect.DelegatingMethodAccessorImpl.invoke(DelegatingMethodAccessorImpl.java:43) ~[na:1.8.0_231]
	at java.lang.reflect.Method.invoke(Method.java:498) ~[na:1.8.0_231]
	at org.springframework.aop.aspectj.AbstractAspectJAdvice.invokeAdviceMethodWithGivenArgs(AbstractAspectJAdvice.java:644) ~[spring-aop-5.1.3.RELEASE.jar:5.1.3.RELEASE]
	at org.springframework.aop.aspectj.AbstractAspectJAdvice.invokeAdviceMethod(AbstractAspectJAdvice.java:633) ~[spring-aop-5.1.3.RELEASE.jar:5.1.3.RELEASE]
	at org.springframework.aop.aspectj.AspectJAroundAdvice.invoke(AspectJAroundAdvice.java:70) ~[spring-aop-5.1.3.RELEASE.jar:5.1.3.RELEASE]
	at org.springframework.aop.framework.ReflectiveMethodInvocation.proceed(ReflectiveMethodInvocation.java:175) ~[spring-aop-5.1.3.RELEASE.jar:5.1.3.RELEASE]
	at org.springframework.aop.framework.CglibAopProxy$DynamicAdvisedInterceptor.intercept(CglibAopProxy.java:688) ~[spring-aop-5.1.3.RELEASE.jar:5.1.3.RELEASE]
	at com.Aaccount.service.AccountServiceImpl$$EnhancerBySpringCGLIB$$e190ceb7.pay(<generated>) ~[classes/:na]
	at com.Aaccount.Application.run(Application.java:59) [classes/:na]
	at org.springframework.boot.SpringApplication.callRunner(SpringApplication.java:813) ~[spring-boot-2.1.1.RELEASE.jar:2.1.1.RELEASE]
	... 3 common frames omitted

2022-03-22 00:36:35.924 DEBUG 14860 --- [main] org.apache.ibatis.logging.LogFactory     : Logging initialized using 'class org.apache.ibatis.logging.slf4j.Slf4jImpl' adapter.
2022-03-22 00:36:36.347 DEBUG 14860 --- [main] org.apache.ibatis.io.VFS                 : Using VFS adapter org.mybatis.spring.boot.autoconfigure.SpringBootVFS
2022-03-22 00:36:36.348 DEBUG 14860 --- [main] org.apache.ibatis.io.ResolverUtil        : Checking to see if class com.Aaccount.entity.AccountDTO matches criteria [is assignable to Object]
2022-03-22 00:36:36.349 DEBUG 14860 --- [main] org.apache.ibatis.io.ResolverUtil        : Checking to see if class com.Aaccount.entity.AccountDTO matches criteria [is assignable to Object]
2022-03-22 00:36:36.349 DEBUG 14860 --- [main] org.apache.ibatis.io.ResolverUtil        : Checking to see if class com.Aaccount.entity.AccountDTO matches criteria [is assignable to Object]
2022-03-22 00:36:36.349 DEBUG 14860 --- [main] org.apache.ibatis.io.ResolverUtil        : Checking to see if class com.Aaccount.entity.AccountDTO matches criteria [is assignable to Object]
2022-03-22 00:36:39.261 ERROR 14860 --- [main] org.dromara.hmily.spi.ExtensionLoader    : not found service provider for : org.dromara.hmily.core.service.HmilyTransactionHandlerFactory
2022-03-22 00:36:42.292 ERROR 14860 --- [main] o.s.boot.SpringApplication               : Application run failed

java.lang.IllegalStateException: Failed to execute CommandLineRunner
	at org.springframework.boot.SpringApplication.callRunner(SpringApplication.java:816) ~[spring-boot-2.1.1.RELEASE.jar:2.1.1.RELEASE]
	at org.springframework.boot.SpringApplication.callRunners(SpringApplication.java:797) ~[spring-boot-2.1.1.RELEASE.jar:2.1.1.RELEASE]
	at org.springframework.boot.SpringApplication.run(SpringApplication.java:324) ~[spring-boot-2.1.1.RELEASE.jar:2.1.1.RELEASE]
	at com.Aaccount.Application.main(Application.java:54) [classes/:na]
Caused by: org.dromara.hmily.common.exception.HmilyRuntimeException:  
	at com.Aaccount.myservice.MyTestBServiceImpl.pay(MyTestBServiceImpl.java:61) ~[classes/:na]
	at com.Aaccount.myservice.MyTestBServiceImpl$$FastClassBySpringCGLIB$$caef800b.invoke(<generated>) ~[classes/:na]
	at org.springframework.cglib.proxy.MethodProxy.invoke(MethodProxy.java:218) ~[spring-core-5.1.3.RELEASE.jar:5.1.3.RELEASE]
	at org.springframework.aop.framework.CglibAopProxy$CglibMethodInvocation.invokeJoinpoint(CglibAopProxy.java:749) ~[spring-aop-5.1.3.RELEASE.jar:5.1.3.RELEASE]
	at org.springframework.aop.framework.ReflectiveMethodInvocation.proceed(ReflectiveMethodInvocation.java:163) ~[spring-aop-5.1.3.RELEASE.jar:5.1.3.RELEASE]
	at org.springframework.aop.interceptor.ExposeInvocationInterceptor.invoke(ExposeInvocationInterceptor.java:93) ~[spring-aop-5.1.3.RELEASE.jar:5.1.3.RELEASE]
	at org.springframework.aop.framework.ReflectiveMethodInvocation.proceed(ReflectiveMethodInvocation.java:186) ~[spring-aop-5.1.3.RELEASE.jar:5.1.3.RELEASE]
	at org.springframework.aop.aspectj.MethodInvocationProceedingJoinPoint.proceed(MethodInvocationProceedingJoinPoint.java:88) ~[spring-aop-5.1.3.RELEASE.jar:5.1.3.RELEASE]
	at org.dromara.hmily.tcc.handler.StarterHmilyTccTransactionHandler.handler(StarterHmilyTccTransactionHandler.java:71) ~[hmily-tcc-2.1.1.jar:na]
	at org.dromara.hmily.core.service.HmilyTransactionAspectInvoker.invoke(HmilyTransactionAspectInvoker.java:70) ~[hmily-core-2.1.1.jar:na]
	at org.dromara.hmily.core.interceptor.HmilyGlobalInterceptor.interceptor(HmilyGlobalInterceptor.java:44) ~[hmily-core-2.1.1.jar:na]
	at org.dromara.hmily.core.aspect.AbstractHmilyTransactionAspect.interceptTccMethod(AbstractHmilyTransactionAspect.java:54) ~[hmily-core-2.1.1.jar:na]
	at sun.reflect.NativeMethodAccessorImpl.invoke0(Native Method) ~[na:1.8.0_231]
	at sun.reflect.NativeMethodAccessorImpl.invoke(NativeMethodAccessorImpl.java:62) ~[na:1.8.0_231]
	at sun.reflect.DelegatingMethodAccessorImpl.invoke(DelegatingMethodAccessorImpl.java:43) ~[na:1.8.0_231]
	at java.lang.reflect.Method.invoke(Method.java:498) ~[na:1.8.0_231]
	at org.springframework.aop.aspectj.AbstractAspectJAdvice.invokeAdviceMethodWithGivenArgs(AbstractAspectJAdvice.java:644) ~[spring-aop-5.1.3.RELEASE.jar:5.1.3.RELEASE]
	at org.springframework.aop.aspectj.AbstractAspectJAdvice.invokeAdviceMethod(AbstractAspectJAdvice.java:633) ~[spring-aop-5.1.3.RELEASE.jar:5.1.3.RELEASE]
	at org.springframework.aop.aspectj.AspectJAroundAdvice.invoke(AspectJAroundAdvice.java:70) ~[spring-aop-5.1.3.RELEASE.jar:5.1.3.RELEASE]
	at org.springframework.aop.framework.ReflectiveMethodInvocation.proceed(ReflectiveMethodInvocation.java:175) ~[spring-aop-5.1.3.RELEASE.jar:5.1.3.RELEASE]
	at org.springframework.aop.framework.CglibAopProxy$DynamicAdvisedInterceptor.intercept(CglibAopProxy.java:688) ~[spring-aop-5.1.3.RELEASE.jar:5.1.3.RELEASE]
	at com.Aaccount.myservice.MyTestBServiceImpl$$EnhancerBySpringCGLIB$$36492878.pay(<generated>) ~[classes/:na]
	at com.Aaccount.Application.run(Application.java:60) [classes/:na]
	at org.springframework.boot.SpringApplication.callRunner(SpringApplication.java:813) ~[spring-boot-2.1.1.RELEASE.jar:2.1.1.RELEASE]
	... 3 common frames omitted

